2025-09-12 08:26:22.717 [main] INFO  com.rs.mv.mvvs.Startup - [LSP:100101]ROCKET MV BASIC EXTENSION to start
2025-09-12 08:26:22.766 [main] INFO  com.rs.mv.mvvs.lsp.server.BasicLanguageServerLauncher - [LSP:100102]start pip server
2025-09-12 08:26:22.910 [main] INFO  com.rs.mv.mvvs.lsp.server.BasicLanguageServerLauncher - [LSP:100103]ROCKET MV BASIC EXTENSION start successful
2025-09-12 08:26:22.998 [pool-3-thread-1] INFO  com.rs.mv.mvvs.instance.workspace.WorkspaceManager - [workspace:200101]load all workspace folders start
2025-09-12 08:26:22.999 [pool-3-thread-1] INFO  com.rs.mv.mvvs.instance.workspace.WorkspaceManager - [workspace:20010201]root uri: file:///c%3A/Users/manus/OneDrive/Escritorio/ESP-32/TP01
2025-09-12 08:26:23.001 [pool-3-thread-1] INFO  com.rs.mv.mvvs.instance.workspace.handler.FolderHandler - [workspace:200103]workspace contains workspace folder: file:///c%3A/Users/manus/OneDrive/Escritorio/ESP-32/TP01
2025-09-12 08:26:23.025 [pool-3-thread-1] INFO  com.rs.mv.mvvs.instance.workspace.handler.FolderHandler - [workspace:200104]workspace folder will be cached: file:///c%3A/Users/manus/OneDrive/Escritorio/ESP-32/TP01
2025-09-12 08:26:23.028 [pool-3-thread-1] INFO  com.rs.mv.mvvs.rmv.config.Config - [framework:30010101]config load start
2025-09-12 08:26:23.028 [pool-3-thread-1] INFO  com.rs.mv.mvvs.rmv.config.Config - [framework:30010102]project config path is : C:/Users/manus/OneDrive/Escritorio/ESP-32/TP01/.rmv/config
2025-09-12 08:26:23.028 [pool-3-thread-1] INFO  com.rs.mv.mvvs.rmv.config.Config - [framework:30010103]resource config path is : /
2025-09-12 08:26:23.029 [pool-3-thread-1] INFO  com.rs.mv.mvvs.rmv.config.Config - [framework:30010104]user config path is : C:/Users/manus
2025-09-12 08:26:23.043 [pool-3-thread-1] INFO  com.rs.mv.mvvs.rmv.config.Config - [framework:30010105]config load end
2025-09-12 08:26:23.045 [pool-3-thread-1] INFO  com.rs.mv.mvvs.rmv.documentation.BasicDocumentation - [framework:30020101]documentation load start
2025-09-12 08:26:23.046 [pool-3-thread-1] INFO  com.rs.mv.mvvs.rmv.documentation.reader.SystemDocReader - [framework:30020102]system documentation path: /documentation/UNIVERSE/
2025-09-12 08:26:23.048 [pool-3-thread-1] INFO  com.rs.mv.mvvs.rmv.documentation.reader.ProjectDocReader - [framework:30020103]project documentation brief file: C:\Users\manus\OneDrive\Escritorio\ESP-32\TP01\.rmv\documentation\UNIVERSE\custom.json
2025-09-12 08:26:23.050 [pool-3-thread-1] INFO  com.rs.mv.mvvs.rmv.documentation.reader.UserDocReader - [framework:30020104]user documentation brief file: C:\Users\manus\documentation\UNIVERSE\custom.json
2025-09-12 08:26:23.158 [pool-3-thread-1] INFO  com.rs.mv.mvvs.rmv.documentation.BasicDocumentation - [framework:30020105]documentation load end
2025-09-12 08:26:23.166 [pool-3-thread-1] INFO  com.rs.mv.mvvs.common.convertor.ConvertorManager - [framework:30030101]convertors for folder(C:/Users/manus/OneDrive/Escritorio/ESP-32/TP01) load start
2025-09-12 08:26:23.177 [pool-3-thread-1] INFO  com.rs.mv.mvvs.common.convertor.ConvertorManager - [framework:30030102]comment convertor load finish
2025-09-12 08:26:23.334 [pool-3-thread-1] INFO  com.rs.mv.mvvs.common.convertor.ConvertorManager - [framework:30030103]keyword convertor load finish
2025-09-12 08:26:23.337 [pool-3-thread-1] INFO  com.rs.mv.mvvs.common.convertor.ConvertorManager - [framework:30030104]operator convertor load finish
2025-09-12 08:26:23.337 [pool-3-thread-1] INFO  com.rs.mv.mvvs.common.convertor.ConvertorManager - [framework:30030105]function name convertor load finish
2025-09-12 08:26:23.338 [pool-3-thread-1] INFO  com.rs.mv.mvvs.common.convertor.ConvertorManager - [framework:30030106]atVariable convertor load finish
2025-09-12 08:26:23.338 [pool-3-thread-1] INFO  com.rs.mv.mvvs.common.convertor.ConvertorManager - [framework:30030107]convertors for folder(C:/Users/manus/OneDrive/Escritorio/ESP-32/TP01) load end
2025-09-12 08:26:23.341 [pool-3-thread-1] INFO  com.rs.mv.mvvs.rmv.config.CapabilityConfig - [framework:30010301]capabilities file(C:/Users/manus/OneDrive/Escritorio/ESP-32/TP01/config/capability) doesn't exist or read error, default config will take effect
2025-09-12 08:26:23.342 [pool-3-thread-1] INFO  com.rs.mv.mvvs.instance.workspace.WorkspaceManager - [workspace:200105]load all workspace folders successful
2025-09-12 08:26:23.345 [pool-3-thread-1] INFO  com.rs.mv.mvvs.client.account.AccountManager - [client:40010101]load account manager start
2025-09-12 08:26:23.354 [pool-3-thread-1] INFO  com.rs.mv.mvvs.client.account.handler.CacheAccountHandler - [client:40010102]load cache account: 
2025-09-12 08:26:23.360 [pool-3-thread-1] INFO  com.rs.mv.mvvs.client.account.handler.ExternalAccountHandler - [client:40010103]load external account: 
2025-09-12 08:26:23.483 [pool-3-thread-1] INFO  com.rs.mv.mvvs.client.catalog.manager.U2CatalogManager - [client:400203]cache file auto update thread launch in TP01 account
2025-09-12 08:26:23.492 [pool-3-thread-1] INFO  com.rs.mv.mvvs.client.catalog.from.config.DirsConfigReader - [client:400206]parse dir config information
2025-09-12 08:26:23.495 [pool-3-thread-1] INFO  com.rs.mv.mvvs.client.catalog.from.config.MappingConfigReader - [client:400207]parse mapping config information
2025-09-12 08:26:23.498 [pool-3-thread-1] INFO  com.rs.mv.mvvs.client.catalog.manager.U2CatalogManager - [client:400202]start a schedule task to get global/local catalog for TP01, its period 5s 
2025-09-12 08:26:23.498 [pool-3-thread-1] INFO  com.rs.mv.mvvs.client.catalog.manager.U2CatalogManager - [client:400203]cache file auto update thread launch in .pio account
2025-09-12 08:26:23.499 [pool-3-thread-1] INFO  com.rs.mv.mvvs.client.catalog.from.config.DirsConfigReader - [client:400206]parse dir config information
2025-09-12 08:26:23.499 [pool-3-thread-1] INFO  com.rs.mv.mvvs.client.catalog.from.config.MappingConfigReader - [client:400207]parse mapping config information
2025-09-12 08:26:23.500 [pool-3-thread-1] INFO  com.rs.mv.mvvs.client.catalog.manager.U2CatalogManager - [client:400202]start a schedule task to get global/local catalog for .pio, its period 5s 
2025-09-12 08:26:23.501 [pool-3-thread-1] INFO  com.rs.mv.mvvs.client.catalog.manager.U2CatalogManager - [client:400203]cache file auto update thread launch in build account
2025-09-12 08:26:23.501 [pool-3-thread-1] INFO  com.rs.mv.mvvs.client.catalog.from.config.DirsConfigReader - [client:400206]parse dir config information
2025-09-12 08:26:23.502 [pool-3-thread-1] INFO  com.rs.mv.mvvs.client.catalog.from.config.MappingConfigReader - [client:400207]parse mapping config information
2025-09-12 08:26:23.504 [pool-3-thread-1] INFO  com.rs.mv.mvvs.client.catalog.manager.U2CatalogManager - [client:400202]start a schedule task to get global/local catalog for build, its period 5s 
2025-09-12 08:26:23.504 [pool-3-thread-1] INFO  com.rs.mv.mvvs.client.catalog.manager.U2CatalogManager - [client:400203]cache file auto update thread launch in esp32dev account
2025-09-12 08:26:23.505 [pool-3-thread-1] INFO  com.rs.mv.mvvs.client.catalog.from.config.DirsConfigReader - [client:400206]parse dir config information
2025-09-12 08:26:23.505 [pool-3-thread-1] INFO  com.rs.mv.mvvs.client.catalog.from.config.MappingConfigReader - [client:400207]parse mapping config information
2025-09-12 08:26:23.506 [pool-3-thread-1] INFO  com.rs.mv.mvvs.client.catalog.manager.U2CatalogManager - [client:400202]start a schedule task to get global/local catalog for esp32dev, its period 5s 
2025-09-12 08:26:23.506 [pool-3-thread-1] INFO  com.rs.mv.mvvs.client.catalog.manager.U2CatalogManager - [client:400203]cache file auto update thread launch in FrameworkArduino account
2025-09-12 08:26:23.507 [pool-3-thread-1] INFO  com.rs.mv.mvvs.client.catalog.from.config.DirsConfigReader - [client:400206]parse dir config information
2025-09-12 08:26:23.507 [pool-3-thread-1] INFO  com.rs.mv.mvvs.client.catalog.from.config.MappingConfigReader - [client:400207]parse mapping config information
2025-09-12 08:26:23.507 [pool-3-thread-1] INFO  com.rs.mv.mvvs.client.catalog.manager.U2CatalogManager - [client:400202]start a schedule task to get global/local catalog for FrameworkArduino, its period 5s 
2025-09-12 08:26:23.508 [pool-3-thread-1] INFO  com.rs.mv.mvvs.client.catalog.manager.U2CatalogManager - [client:400203]cache file auto update thread launch in lib328 account
2025-09-12 08:26:23.508 [pool-3-thread-1] INFO  com.rs.mv.mvvs.client.catalog.from.config.DirsConfigReader - [client:400206]parse dir config information
2025-09-12 08:26:23.509 [pool-3-thread-1] INFO  com.rs.mv.mvvs.client.catalog.from.config.MappingConfigReader - [client:400207]parse mapping config information
2025-09-12 08:26:23.511 [pool-3-thread-1] INFO  com.rs.mv.mvvs.client.catalog.manager.U2CatalogManager - [client:400202]start a schedule task to get global/local catalog for lib328, its period 5s 
2025-09-12 08:26:23.512 [pool-3-thread-1] INFO  com.rs.mv.mvvs.client.catalog.manager.U2CatalogManager - [client:400203]cache file auto update thread launch in lib49e account
2025-09-12 08:26:23.513 [pool-3-thread-1] INFO  com.rs.mv.mvvs.client.catalog.from.config.DirsConfigReader - [client:400206]parse dir config information
2025-09-12 08:26:23.513 [pool-3-thread-1] INFO  com.rs.mv.mvvs.client.catalog.from.config.MappingConfigReader - [client:400207]parse mapping config information
2025-09-12 08:26:23.514 [pool-3-thread-1] INFO  com.rs.mv.mvvs.client.catalog.manager.U2CatalogManager - [client:400202]start a schedule task to get global/local catalog for lib49e, its period 5s 
2025-09-12 08:26:23.514 [pool-3-thread-1] INFO  com.rs.mv.mvvs.client.catalog.manager.U2CatalogManager - [client:400203]cache file auto update thread launch in lib58e account
2025-09-12 08:26:23.514 [pool-3-thread-1] INFO  com.rs.mv.mvvs.client.catalog.from.config.DirsConfigReader - [client:400206]parse dir config information
2025-09-12 08:26:23.515 [pool-3-thread-1] INFO  com.rs.mv.mvvs.client.catalog.from.config.MappingConfigReader - [client:400207]parse mapping config information
2025-09-12 08:26:23.515 [pool-3-thread-1] INFO  com.rs.mv.mvvs.client.catalog.manager.U2CatalogManager - [client:400202]start a schedule task to get global/local catalog for lib58e, its period 5s 
2025-09-12 08:26:23.516 [pool-3-thread-1] INFO  com.rs.mv.mvvs.client.catalog.manager.U2CatalogManager - [client:400203]cache file auto update thread launch in lib66e account
2025-09-12 08:26:23.516 [pool-3-thread-1] INFO  com.rs.mv.mvvs.client.catalog.from.config.DirsConfigReader - [client:400206]parse dir config information
2025-09-12 08:26:23.516 [pool-3-thread-1] INFO  com.rs.mv.mvvs.client.catalog.from.config.MappingConfigReader - [client:400207]parse mapping config information
2025-09-12 08:26:23.517 [pool-3-thread-1] INFO  com.rs.mv.mvvs.client.catalog.manager.U2CatalogManager - [client:400202]start a schedule task to get global/local catalog for lib66e, its period 5s 
2025-09-12 08:26:23.517 [pool-3-thread-1] INFO  com.rs.mv.mvvs.client.catalog.manager.U2CatalogManager - [client:400203]cache file auto update thread launch in lib847 account
2025-09-12 08:26:23.518 [pool-3-thread-1] INFO  com.rs.mv.mvvs.client.catalog.from.config.DirsConfigReader - [client:400206]parse dir config information
2025-09-12 08:26:23.518 [pool-3-thread-1] INFO  com.rs.mv.mvvs.client.catalog.from.config.MappingConfigReader - [client:400207]parse mapping config information
2025-09-12 08:26:23.518 [pool-3-thread-1] INFO  com.rs.mv.mvvs.client.catalog.manager.U2CatalogManager - [client:400202]start a schedule task to get global/local catalog for lib847, its period 5s 
2025-09-12 08:26:23.519 [pool-3-thread-1] INFO  com.rs.mv.mvvs.client.catalog.manager.U2CatalogManager - [client:400203]cache file auto update thread launch in libaee account
2025-09-12 08:26:23.519 [pool-3-thread-1] INFO  com.rs.mv.mvvs.client.catalog.from.config.DirsConfigReader - [client:400206]parse dir config information
2025-09-12 08:26:23.519 [pool-3-thread-1] INFO  com.rs.mv.mvvs.client.catalog.from.config.MappingConfigReader - [client:400207]parse mapping config information
2025-09-12 08:26:23.520 [pool-3-thread-1] INFO  com.rs.mv.mvvs.client.catalog.manager.U2CatalogManager - [client:400202]start a schedule task to get global/local catalog for libaee, its period 5s 
2025-09-12 08:26:23.520 [pool-3-thread-1] INFO  com.rs.mv.mvvs.client.catalog.manager.U2CatalogManager - [client:400203]cache file auto update thread launch in libb5c account
2025-09-12 08:26:23.521 [pool-3-thread-1] INFO  com.rs.mv.mvvs.client.catalog.from.config.DirsConfigReader - [client:400206]parse dir config information
2025-09-12 08:26:23.521 [pool-3-thread-1] INFO  com.rs.mv.mvvs.client.catalog.from.config.MappingConfigReader - [client:400207]parse mapping config information
2025-09-12 08:26:23.523 [pool-3-thread-1] INFO  com.rs.mv.mvvs.client.catalog.manager.U2CatalogManager - [client:400202]start a schedule task to get global/local catalog for libb5c, its period 5s 
2025-09-12 08:26:23.524 [pool-3-thread-1] INFO  com.rs.mv.mvvs.client.catalog.manager.U2CatalogManager - [client:400203]cache file auto update thread launch in libc87 account
2025-09-12 08:26:23.525 [pool-3-thread-1] INFO  com.rs.mv.mvvs.client.catalog.from.config.DirsConfigReader - [client:400206]parse dir config information
2025-09-12 08:26:23.525 [pool-3-thread-1] INFO  com.rs.mv.mvvs.client.catalog.from.config.MappingConfigReader - [client:400207]parse mapping config information
2025-09-12 08:26:23.526 [pool-3-thread-1] INFO  com.rs.mv.mvvs.client.catalog.manager.U2CatalogManager - [client:400202]start a schedule task to get global/local catalog for libc87, its period 5s 
2025-09-12 08:26:23.527 [pool-3-thread-1] INFO  com.rs.mv.mvvs.client.catalog.manager.U2CatalogManager - [client:400203]cache file auto update thread launch in libdeps account
2025-09-12 08:26:23.527 [pool-3-thread-1] INFO  com.rs.mv.mvvs.client.catalog.from.config.DirsConfigReader - [client:400206]parse dir config information
2025-09-12 08:26:23.527 [pool-3-thread-1] INFO  com.rs.mv.mvvs.client.catalog.from.config.MappingConfigReader - [client:400207]parse mapping config information
2025-09-12 08:26:23.528 [pool-3-thread-1] INFO  com.rs.mv.mvvs.client.catalog.manager.U2CatalogManager - [client:400202]start a schedule task to get global/local catalog for libdeps, its period 5s 
2025-09-12 08:26:23.529 [pool-3-thread-1] INFO  com.rs.mv.mvvs.client.catalog.manager.U2CatalogManager - [client:400203]cache file auto update thread launch in esp32dev account
2025-09-12 08:26:23.529 [pool-3-thread-1] INFO  com.rs.mv.mvvs.client.catalog.from.config.DirsConfigReader - [client:400206]parse dir config information
2025-09-12 08:26:23.529 [pool-3-thread-1] INFO  com.rs.mv.mvvs.client.catalog.from.config.MappingConfigReader - [client:400207]parse mapping config information
2025-09-12 08:26:23.530 [pool-3-thread-1] INFO  com.rs.mv.mvvs.client.catalog.manager.U2CatalogManager - [client:400202]start a schedule task to get global/local catalog for esp32dev, its period 5s 
2025-09-12 08:26:23.530 [pool-3-thread-1] INFO  com.rs.mv.mvvs.client.catalog.manager.U2CatalogManager - [client:400203]cache file auto update thread launch in Adafruit BusIO account
2025-09-12 08:26:23.530 [pool-3-thread-1] INFO  com.rs.mv.mvvs.client.catalog.from.config.DirsConfigReader - [client:400206]parse dir config information
2025-09-12 08:26:23.531 [pool-3-thread-1] INFO  com.rs.mv.mvvs.client.catalog.from.config.MappingConfigReader - [client:400207]parse mapping config information
2025-09-12 08:26:23.531 [pool-3-thread-1] INFO  com.rs.mv.mvvs.client.catalog.manager.U2CatalogManager - [client:400202]start a schedule task to get global/local catalog for Adafruit BusIO, its period 5s 
2025-09-12 08:26:23.531 [pool-3-thread-1] INFO  com.rs.mv.mvvs.client.catalog.manager.U2CatalogManager - [client:400203]cache file auto update thread launch in .github account
2025-09-12 08:26:23.532 [pool-3-thread-1] INFO  com.rs.mv.mvvs.client.catalog.from.config.DirsConfigReader - [client:400206]parse dir config information
2025-09-12 08:26:23.532 [pool-3-thread-1] INFO  com.rs.mv.mvvs.client.catalog.from.config.MappingConfigReader - [client:400207]parse mapping config information
2025-09-12 08:26:23.532 [pool-3-thread-1] INFO  com.rs.mv.mvvs.client.catalog.manager.U2CatalogManager - [client:400202]start a schedule task to get global/local catalog for .github, its period 5s 
2025-09-12 08:26:23.533 [pool-3-thread-1] INFO  com.rs.mv.mvvs.client.catalog.manager.U2CatalogManager - [client:400203]cache file auto update thread launch in examples account
2025-09-12 08:26:23.533 [pool-3-thread-1] INFO  com.rs.mv.mvvs.client.catalog.from.config.DirsConfigReader - [client:400206]parse dir config information
2025-09-12 08:26:23.533 [pool-3-thread-1] INFO  com.rs.mv.mvvs.client.catalog.from.config.MappingConfigReader - [client:400207]parse mapping config information
2025-09-12 08:26:23.534 [pool-3-thread-1] INFO  com.rs.mv.mvvs.client.catalog.manager.U2CatalogManager - [client:400202]start a schedule task to get global/local catalog for examples, its period 5s 
2025-09-12 08:26:23.534 [pool-3-thread-1] INFO  com.rs.mv.mvvs.client.catalog.manager.U2CatalogManager - [client:400203]cache file auto update thread launch in Adafruit GFX Library account
2025-09-12 08:26:23.535 [pool-3-thread-1] INFO  com.rs.mv.mvvs.client.catalog.from.config.DirsConfigReader - [client:400206]parse dir config information
2025-09-12 08:26:23.535 [pool-3-thread-1] INFO  com.rs.mv.mvvs.client.catalog.from.config.MappingConfigReader - [client:400207]parse mapping config information
2025-09-12 08:26:23.535 [pool-3-thread-1] INFO  com.rs.mv.mvvs.client.catalog.manager.U2CatalogManager - [client:400202]start a schedule task to get global/local catalog for Adafruit GFX Library, its period 5s 
2025-09-12 08:26:23.536 [pool-3-thread-1] INFO  com.rs.mv.mvvs.client.catalog.manager.U2CatalogManager - [client:400203]cache file auto update thread launch in .github account
2025-09-12 08:26:23.536 [pool-3-thread-1] INFO  com.rs.mv.mvvs.client.catalog.from.config.DirsConfigReader - [client:400206]parse dir config information
2025-09-12 08:26:23.536 [pool-3-thread-1] INFO  com.rs.mv.mvvs.client.catalog.from.config.MappingConfigReader - [client:400207]parse mapping config information
2025-09-12 08:26:23.537 [pool-3-thread-1] INFO  com.rs.mv.mvvs.client.catalog.manager.U2CatalogManager - [client:400202]start a schedule task to get global/local catalog for .github, its period 5s 
2025-09-12 08:26:23.537 [pool-3-thread-1] INFO  com.rs.mv.mvvs.client.catalog.manager.U2CatalogManager - [client:400203]cache file auto update thread launch in examples account
2025-09-12 08:26:23.537 [pool-3-thread-1] INFO  com.rs.mv.mvvs.client.catalog.from.config.DirsConfigReader - [client:400206]parse dir config information
2025-09-12 08:26:23.538 [pool-3-thread-1] INFO  com.rs.mv.mvvs.client.catalog.from.config.MappingConfigReader - [client:400207]parse mapping config information
2025-09-12 08:26:23.538 [pool-3-thread-1] INFO  com.rs.mv.mvvs.client.catalog.manager.U2CatalogManager - [client:400202]start a schedule task to get global/local catalog for examples, its period 5s 
2025-09-12 08:26:23.540 [pool-3-thread-1] INFO  com.rs.mv.mvvs.client.catalog.manager.U2CatalogManager - [client:400203]cache file auto update thread launch in Adafruit SH110X account
2025-09-12 08:26:23.540 [pool-3-thread-1] INFO  com.rs.mv.mvvs.client.catalog.from.config.DirsConfigReader - [client:400206]parse dir config information
2025-09-12 08:26:23.541 [pool-3-thread-1] INFO  com.rs.mv.mvvs.client.catalog.from.config.MappingConfigReader - [client:400207]parse mapping config information
2025-09-12 08:26:23.541 [pool-3-thread-1] INFO  com.rs.mv.mvvs.client.catalog.manager.U2CatalogManager - [client:400202]start a schedule task to get global/local catalog for Adafruit SH110X, its period 5s 
2025-09-12 08:26:23.542 [pool-3-thread-1] INFO  com.rs.mv.mvvs.client.catalog.manager.U2CatalogManager - [client:400203]cache file auto update thread launch in .github account
2025-09-12 08:26:23.543 [pool-3-thread-1] INFO  com.rs.mv.mvvs.client.catalog.from.config.DirsConfigReader - [client:400206]parse dir config information
2025-09-12 08:26:23.543 [pool-3-thread-1] INFO  com.rs.mv.mvvs.client.catalog.from.config.MappingConfigReader - [client:400207]parse mapping config information
2025-09-12 08:26:23.543 [pool-3-thread-1] INFO  com.rs.mv.mvvs.client.catalog.manager.U2CatalogManager - [client:400202]start a schedule task to get global/local catalog for .github, its period 5s 
2025-09-12 08:26:23.544 [pool-3-thread-1] INFO  com.rs.mv.mvvs.client.catalog.manager.U2CatalogManager - [client:400203]cache file auto update thread launch in examples account
2025-09-12 08:26:23.544 [pool-3-thread-1] INFO  com.rs.mv.mvvs.client.catalog.from.config.DirsConfigReader - [client:400206]parse dir config information
2025-09-12 08:26:23.545 [pool-3-thread-1] INFO  com.rs.mv.mvvs.client.catalog.from.config.MappingConfigReader - [client:400207]parse mapping config information
2025-09-12 08:26:23.545 [pool-3-thread-1] INFO  com.rs.mv.mvvs.client.catalog.manager.U2CatalogManager - [client:400202]start a schedule task to get global/local catalog for examples, its period 5s 
2025-09-12 08:26:23.545 [pool-3-thread-1] INFO  com.rs.mv.mvvs.client.catalog.manager.U2CatalogManager - [client:400203]cache file auto update thread launch in OLED_QTPY_SH1106 account
2025-09-12 08:26:23.546 [pool-3-thread-1] INFO  com.rs.mv.mvvs.client.catalog.from.config.DirsConfigReader - [client:400206]parse dir config information
2025-09-12 08:26:23.546 [pool-3-thread-1] INFO  com.rs.mv.mvvs.client.catalog.from.config.MappingConfigReader - [client:400207]parse mapping config information
2025-09-12 08:26:23.547 [pool-3-thread-1] INFO  com.rs.mv.mvvs.client.catalog.manager.U2CatalogManager - [client:400202]start a schedule task to get global/local catalog for OLED_QTPY_SH1106, its period 5s 
2025-09-12 08:26:23.547 [pool-3-thread-1] INFO  com.rs.mv.mvvs.client.catalog.manager.U2CatalogManager - [client:400203]cache file auto update thread launch in Adafruit Unified Sensor account
2025-09-12 08:26:23.548 [pool-3-thread-1] INFO  com.rs.mv.mvvs.client.catalog.from.config.DirsConfigReader - [client:400206]parse dir config information
2025-09-12 08:26:23.548 [pool-3-thread-1] INFO  com.rs.mv.mvvs.client.catalog.from.config.MappingConfigReader - [client:400207]parse mapping config information
2025-09-12 08:26:23.548 [pool-3-thread-1] INFO  com.rs.mv.mvvs.client.catalog.manager.U2CatalogManager - [client:400202]start a schedule task to get global/local catalog for Adafruit Unified Sensor, its period 5s 
2025-09-12 08:26:23.549 [pool-3-thread-1] INFO  com.rs.mv.mvvs.client.catalog.manager.U2CatalogManager - [client:400203]cache file auto update thread launch in examples account
2025-09-12 08:26:23.549 [pool-3-thread-1] INFO  com.rs.mv.mvvs.client.catalog.from.config.DirsConfigReader - [client:400206]parse dir config information
2025-09-12 08:26:23.549 [pool-3-thread-1] INFO  com.rs.mv.mvvs.client.catalog.from.config.MappingConfigReader - [client:400207]parse mapping config information
2025-09-12 08:26:23.550 [pool-3-thread-1] INFO  com.rs.mv.mvvs.client.catalog.manager.U2CatalogManager - [client:400202]start a schedule task to get global/local catalog for examples, its period 5s 
2025-09-12 08:26:23.550 [pool-3-thread-1] INFO  com.rs.mv.mvvs.client.catalog.manager.U2CatalogManager - [client:400203]cache file auto update thread launch in DHT sensor library account
2025-09-12 08:26:23.550 [pool-3-thread-1] INFO  com.rs.mv.mvvs.client.catalog.from.config.DirsConfigReader - [client:400206]parse dir config information
2025-09-12 08:26:23.551 [pool-3-thread-1] INFO  com.rs.mv.mvvs.client.catalog.from.config.MappingConfigReader - [client:400207]parse mapping config information
2025-09-12 08:26:23.551 [pool-3-thread-1] INFO  com.rs.mv.mvvs.client.catalog.manager.U2CatalogManager - [client:400202]start a schedule task to get global/local catalog for DHT sensor library, its period 5s 
2025-09-12 08:26:23.551 [pool-3-thread-1] INFO  com.rs.mv.mvvs.client.catalog.manager.U2CatalogManager - [client:400203]cache file auto update thread launch in .github account
2025-09-12 08:26:23.552 [pool-3-thread-1] INFO  com.rs.mv.mvvs.client.catalog.from.config.DirsConfigReader - [client:400206]parse dir config information
2025-09-12 08:26:23.552 [pool-3-thread-1] INFO  com.rs.mv.mvvs.client.catalog.from.config.MappingConfigReader - [client:400207]parse mapping config information
2025-09-12 08:26:23.552 [pool-3-thread-1] INFO  com.rs.mv.mvvs.client.catalog.manager.U2CatalogManager - [client:400202]start a schedule task to get global/local catalog for .github, its period 5s 
2025-09-12 08:26:23.553 [pool-3-thread-1] INFO  com.rs.mv.mvvs.client.catalog.manager.U2CatalogManager - [client:400203]cache file auto update thread launch in examples account
2025-09-12 08:26:23.553 [pool-3-thread-1] INFO  com.rs.mv.mvvs.client.catalog.from.config.DirsConfigReader - [client:400206]parse dir config information
2025-09-12 08:26:23.554 [pool-3-thread-1] INFO  com.rs.mv.mvvs.client.catalog.from.config.MappingConfigReader - [client:400207]parse mapping config information
2025-09-12 08:26:23.554 [pool-3-thread-1] INFO  com.rs.mv.mvvs.client.catalog.manager.U2CatalogManager - [client:400202]start a schedule task to get global/local catalog for examples, its period 5s 
2025-09-12 08:26:23.556 [pool-3-thread-1] INFO  com.rs.mv.mvvs.client.catalog.manager.U2CatalogManager - [client:400203]cache file auto update thread launch in lib account
2025-09-12 08:26:23.557 [pool-3-thread-1] INFO  com.rs.mv.mvvs.client.catalog.from.config.DirsConfigReader - [client:400206]parse dir config information
2025-09-12 08:26:23.558 [pool-3-thread-1] INFO  com.rs.mv.mvvs.client.catalog.from.config.MappingConfigReader - [client:400207]parse mapping config information
2025-09-12 08:26:23.558 [pool-3-thread-1] INFO  com.rs.mv.mvvs.client.catalog.manager.U2CatalogManager - [client:400202]start a schedule task to get global/local catalog for lib, its period 5s 
2025-09-12 08:26:23.560 [pool-3-thread-1] INFO  com.rs.mv.mvvs.rmv.documentation.BasicDocumentation - [framework:30020101]documentation load start
2025-09-12 08:26:23.560 [pool-3-thread-1] INFO  com.rs.mv.mvvs.rmv.documentation.reader.SystemDocReader - [framework:30020102]system documentation path: /documentation/UNIVERSE/
2025-09-12 08:26:23.561 [pool-3-thread-1] INFO  com.rs.mv.mvvs.rmv.documentation.reader.ProjectDocReader - [framework:30020103]project documentation brief file: custom.json
2025-09-12 08:26:23.561 [pool-3-thread-1] INFO  com.rs.mv.mvvs.rmv.documentation.reader.UserDocReader - [framework:30020104]user documentation brief file: C:\Users\manus\documentation\UNIVERSE\custom.json
2025-09-12 08:26:23.571 [pool-3-thread-1] INFO  com.rs.mv.mvvs.rmv.documentation.BasicDocumentation - [framework:30020105]documentation load end
2025-09-12 08:26:23.575 [pool-3-thread-1] INFO  com.rs.mv.mvvs.common.convertor.ConvertorManager - [framework:30030101]convertors for folder(*) load start
2025-09-12 08:26:23.575 [pool-3-thread-1] INFO  com.rs.mv.mvvs.common.convertor.ConvertorManager - [framework:30030102]comment convertor load finish
2025-09-12 08:26:23.579 [pool-3-thread-1] INFO  com.rs.mv.mvvs.common.convertor.ConvertorManager - [framework:30030103]keyword convertor load finish
2025-09-12 08:26:23.581 [pool-3-thread-1] INFO  com.rs.mv.mvvs.common.convertor.ConvertorManager - [framework:30030104]operator convertor load finish
2025-09-12 08:26:23.582 [pool-3-thread-1] INFO  com.rs.mv.mvvs.common.convertor.ConvertorManager - [framework:30030105]function name convertor load finish
2025-09-12 08:26:23.582 [pool-3-thread-1] INFO  com.rs.mv.mvvs.common.convertor.ConvertorManager - [framework:30030106]atVariable convertor load finish
2025-09-12 08:26:23.583 [pool-3-thread-1] INFO  com.rs.mv.mvvs.common.convertor.ConvertorManager - [framework:30030107]convertors for folder(*) load end
2025-09-12 08:26:23.583 [pool-3-thread-1] INFO  com.rs.mv.mvvs.client.catalog.manager.U2CatalogManager - [client:400203]cache file auto update thread launch in ... account
2025-09-12 08:26:23.584 [pool-3-thread-1] INFO  com.rs.mv.mvvs.client.catalog.from.config.DirsConfigReader - [client:400206]parse dir config information
2025-09-12 08:26:23.584 [pool-3-thread-1] INFO  com.rs.mv.mvvs.client.catalog.from.config.MappingConfigReader - [client:400207]parse mapping config information
2025-09-12 08:26:23.584 [pool-3-thread-1] INFO  com.rs.mv.mvvs.client.catalog.manager.U2CatalogManager - [client:400202]start a schedule task to get global/local catalog for ..., its period 5s 
2025-09-12 08:26:23.588 [pool-3-thread-1] INFO  com.rs.mv.mvvs.client.account.handler.ServerAccountHandler - [client:40010104]load server account: Account{name=libdeps, path=C:/Users/manus/OneDrive/Escritorio/ESP-32/TP01/.pio/libdeps, type=PREDICT}
Account{name=.github, path=C:/Users/manus/OneDrive/Escritorio/ESP-32/TP01/.pio/libdeps/esp32dev/Adafruit SH110X/.github, type=PREDICT}
Account{name=lib847, path=C:/Users/manus/OneDrive/Escritorio/ESP-32/TP01/.pio/build/esp32dev/lib847, type=PREDICT}
Account{name=Adafruit Unified Sensor, path=C:/Users/manus/OneDrive/Escritorio/ESP-32/TP01/.pio/libdeps/esp32dev/Adafruit Unified Sensor, type=PREDICT}
Account{name=examples, path=C:/Users/manus/OneDrive/Escritorio/ESP-32/TP01/.pio/libdeps/esp32dev/Adafruit Unified Sensor/examples, type=PREDICT}
Account{name=lib328, path=C:/Users/manus/OneDrive/Escritorio/ESP-32/TP01/.pio/build/esp32dev/lib328, type=PREDICT}
Account{name=libb5c, path=C:/Users/manus/OneDrive/Escritorio/ESP-32/TP01/.pio/build/esp32dev/libb5c, type=PREDICT}
Account{name=.github, path=C:/Users/manus/OneDrive/Escritorio/ESP-32/TP01/.pio/libdeps/esp32dev/Adafruit GFX Library/.github, type=PREDICT}
Account{name=lib58e, path=C:/Users/manus/OneDrive/Escritorio/ESP-32/TP01/.pio/build/esp32dev/lib58e, type=PREDICT}
Account{name=Adafruit GFX Library, path=C:/Users/manus/OneDrive/Escritorio/ESP-32/TP01/.pio/libdeps/esp32dev/Adafruit GFX Library, type=PREDICT}
Account{name=FrameworkArduino, path=C:/Users/manus/OneDrive/Escritorio/ESP-32/TP01/.pio/build/esp32dev/FrameworkArduino, type=PREDICT}
Account{name=OLED_QTPY_SH1106, path=C:/Users/manus/OneDrive/Escritorio/ESP-32/TP01/.pio/libdeps/esp32dev/Adafruit SH110X/examples/OLED_QTPY_SH1106, type=PREDICT}
Account{name=.github, path=C:/Users/manus/OneDrive/Escritorio/ESP-32/TP01/.pio/libdeps/esp32dev/DHT sensor library/.github, type=PREDICT}
Account{name=lib, path=C:/Users/manus/OneDrive/Escritorio/ESP-32/TP01/lib, type=PREDICT}
Account{name=examples, path=C:/Users/manus/OneDrive/Escritorio/ESP-32/TP01/.pio/libdeps/esp32dev/Adafruit BusIO/examples, type=PREDICT}
Account{name=examples, path=C:/Users/manus/OneDrive/Escritorio/ESP-32/TP01/.pio/libdeps/esp32dev/DHT sensor library/examples, type=PREDICT}
Account{name=lib66e, path=C:/Users/manus/OneDrive/Escritorio/ESP-32/TP01/.pio/build/esp32dev/lib66e, type=PREDICT}
Account{name=libc87, path=C:/Users/manus/OneDrive/Escritorio/ESP-32/TP01/.pio/build/esp32dev/libc87, type=PREDICT}
Account{name=examples, path=C:/Users/manus/OneDrive/Escritorio/ESP-32/TP01/.pio/libdeps/esp32dev/Adafruit GFX Library/examples, type=PREDICT}
Account{name=examples, path=C:/Users/manus/OneDrive/Escritorio/ESP-32/TP01/.pio/libdeps/esp32dev/Adafruit SH110X/examples, type=PREDICT}
Account{name=..., path=..., type=PREDICT}
2025-09-12 08:26:23.589 [pool-3-thread-1] INFO  com.rs.mv.mvvs.client.account.AccountManager - [client:40010105]load account manager finish
2025-09-12 08:26:23.592 [pool-3-thread-1] INFO  com.rs.mv.mvvs.instance.userspace.UserspaceManager - [framework:30010402]config file(C:\Users\manus/.rmv/config) watcher launch successful
2025-09-12 08:26:29.732 [pool-3-thread-1] INFO  com.rs.mv.mvvs.client.catalog.from.scan.CurrentPathScanner - [client:400205]scan file in current open file directory(C:/Users/manus/OneDrive/Escritorio/ESP-32/TP01/src)
2025-09-12 08:26:35.798 [pool-3-thread-1] INFO  com.rs.mv.mvvs.client.catalog.from.scan.CurrentPathScanner - [client:400205]scan file in current open file directory(C:/Users/manus/OneDrive/Escritorio/ESP-32/TP01)
2025-09-12 08:26:37.944 [pool-3-thread-1] INFO  com.rs.mv.mvvs.client.catalog.from.scan.CurrentPathScanner - [client:400205]scan file in current open file directory(C:/Users/manus/OneDrive/Escritorio/ESP-32/TP01/src)
2025-09-12 08:26:41.334 [pool-3-thread-1] INFO  com.rs.mv.mvvs.client.catalog.from.scan.CurrentPathScanner - [client:400205]scan file in current open file directory(C:/Users/manus/OneDrive/Escritorio/ESP-32/TP01/src)
2025-09-12 08:27:35.796 [pool-3-thread-1] INFO  com.rs.mv.mvvs.client.catalog.from.scan.CurrentPathScanner - [client:400205]scan file in current open file directory(C:/Users/manus/OneDrive/Escritorio/ESP-32/TP01/lib/DEVICE)
2025-09-12 08:27:44.395 [pool-3-thread-1] INFO  com.rs.mv.mvvs.client.catalog.from.scan.CurrentPathScanner - [client:400205]scan file in current open file directory(C:/Users/manus/OneDrive/Escritorio/ESP-32/TP01/lib/MENU)
2025-09-12 08:27:45.911 [pool-3-thread-1] INFO  com.rs.mv.mvvs.client.catalog.from.scan.CurrentPathScanner - [client:400205]scan file in current open file directory(C:/Users/manus/OneDrive/Escritorio/ESP-32/TP01/lib/DEVICE)
2025-09-12 08:27:52.695 [pool-3-thread-1] INFO  com.rs.mv.mvvs.client.catalog.from.scan.CurrentPathScanner - [client:400205]scan file in current open file directory(C:/Users/manus/OneDrive/Escritorio/ESP-32/TP01/lib/MENU)
2025-09-12 08:28:55.431 [pool-3-thread-1] INFO  com.rs.mv.mvvs.client.catalog.from.scan.CurrentPathScanner - [client:400205]scan file in current open file directory(C:/Users/manus/OneDrive/Escritorio/ESP-32/TP01/lib/DEVICE)
2025-09-12 08:28:57.380 [pool-3-thread-1] INFO  com.rs.mv.mvvs.client.catalog.from.scan.CurrentPathScanner - [client:400205]scan file in current open file directory(C:/Users/manus/OneDrive/Escritorio/ESP-32/TP01/lib/MENU)
2025-09-12 08:28:58.045 [pool-3-thread-1] INFO  com.rs.mv.mvvs.client.catalog.from.scan.CurrentPathScanner - [client:400205]scan file in current open file directory(C:/Users/manus/OneDrive/Escritorio/ESP-32/TP01/lib/DEVICE)
2025-09-12 08:29:00.716 [pool-3-thread-1] INFO  com.rs.mv.mvvs.client.catalog.from.scan.CurrentPathScanner - [client:400205]scan file in current open file directory(C:/Users/manus/OneDrive/Escritorio/ESP-32/TP01/src)
2025-09-12 08:29:17.077 [pool-3-thread-1] INFO  com.rs.mv.mvvs.client.catalog.from.scan.CurrentPathScanner - [client:400205]scan file in current open file directory(C:/Users/manus/OneDrive/Escritorio/ESP-32/TP01/lib/MENU)
2025-09-12 08:29:28.945 [pool-3-thread-1] INFO  com.rs.mv.mvvs.client.catalog.from.scan.CurrentPathScanner - [client:400205]scan file in current open file directory(C:/Users/manus/OneDrive/Escritorio/ESP-32/TP01/lib/DEVICE)
2025-09-12 08:29:34.218 [pool-3-thread-1] INFO  com.rs.mv.mvvs.client.catalog.from.scan.CurrentPathScanner - [client:400205]scan file in current open file directory(C:/Users/manus/OneDrive/Escritorio/ESP-32/TP01/lib/MENU)
2025-09-12 08:30:06.680 [pool-3-thread-1] INFO  com.rs.mv.mvvs.client.catalog.from.scan.CurrentPathScanner - [client:400205]scan file in current open file directory(C:/Users/manus/OneDrive/Escritorio/ESP-32/TP01/lib/DEVICE)
2025-09-12 08:30:10.409 [pool-3-thread-1] INFO  com.rs.mv.mvvs.client.catalog.from.scan.CurrentPathScanner - [client:400205]scan file in current open file directory(C:/Users/manus/OneDrive/Escritorio/ESP-32/TP01/lib/MENU)
2025-09-12 08:30:34.215 [pool-3-thread-1] INFO  com.rs.mv.mvvs.client.catalog.from.scan.CurrentPathScanner - [client:400205]scan file in current open file directory(C:/Users/manus/OneDrive/Escritorio/ESP-32/TP01/lib/DEVICE)
2025-09-12 08:30:35.347 [pool-3-thread-1] INFO  com.rs.mv.mvvs.client.catalog.from.scan.CurrentPathScanner - [client:400205]scan file in current open file directory(C:/Users/manus/OneDrive/Escritorio/ESP-32/TP01/lib/MENU)
2025-09-12 08:30:35.902 [pool-3-thread-1] INFO  com.rs.mv.mvvs.client.catalog.from.scan.CurrentPathScanner - [client:400205]scan file in current open file directory(C:/Users/manus/OneDrive/Escritorio/ESP-32/TP01/src)
2025-09-12 08:30:38.365 [pool-3-thread-1] INFO  com.rs.mv.mvvs.client.catalog.from.scan.CurrentPathScanner - [client:400205]scan file in current open file directory(C:/Users/manus/OneDrive/Escritorio/ESP-32/TP01/lib/MENU)
2025-09-12 08:31:20.246 [pool-3-thread-1] INFO  com.rs.mv.mvvs.client.catalog.from.scan.CurrentPathScanner - [client:400205]scan file in current open file directory(C:/Users/manus/OneDrive/Escritorio/ESP-32/TP01/lib/DEVICE)
2025-09-12 08:31:22.112 [pool-3-thread-1] INFO  com.rs.mv.mvvs.client.catalog.from.scan.CurrentPathScanner - [client:400205]scan file in current open file directory(C:/Users/manus/OneDrive/Escritorio/ESP-32/TP01/lib/MENU)
2025-09-12 08:31:22.999 [pool-3-thread-1] INFO  com.rs.mv.mvvs.client.catalog.from.scan.CurrentPathScanner - [client:400205]scan file in current open file directory(C:/Users/manus/OneDrive/Escritorio/ESP-32/TP01/src)
2025-09-12 08:32:07.017 [pool-3-thread-1] INFO  com.rs.mv.mvvs.client.catalog.from.scan.CurrentPathScanner - [client:400205]scan file in current open file directory(C:/Users/manus/OneDrive/Escritorio/ESP-32/TP01/lib/DEVICE)
2025-09-12 08:32:11.585 [pool-3-thread-1] INFO  com.rs.mv.mvvs.client.catalog.from.scan.CurrentPathScanner - [client:400205]scan file in current open file directory(C:/Users/manus/OneDrive/Escritorio/ESP-32/TP01/src)
2025-09-12 08:32:13.479 [pool-3-thread-1] INFO  com.rs.mv.mvvs.client.catalog.from.scan.CurrentPathScanner - [client:400205]scan file in current open file directory(C:/Users/manus/OneDrive/Escritorio/ESP-32/TP01/lib/MENU)
2025-09-12 08:32:39.186 [pool-3-thread-1] INFO  com.rs.mv.mvvs.client.catalog.from.scan.CurrentPathScanner - [client:400205]scan file in current open file directory(C:/Users/manus/OneDrive/Escritorio/ESP-32/TP01/src)
2025-09-12 08:32:51.913 [pool-3-thread-1] INFO  com.rs.mv.mvvs.client.catalog.from.scan.CurrentPathScanner - [client:400205]scan file in current open file directory(C:/Users/manus/OneDrive/Escritorio/ESP-32/TP01/lib/MENU)
2025-09-12 08:32:56.533 [pool-3-thread-1] INFO  com.rs.mv.mvvs.client.catalog.from.scan.CurrentPathScanner - [client:400205]scan file in current open file directory(C:/Users/manus/OneDrive/Escritorio/ESP-32/TP01/src)
2025-09-12 08:32:58.585 [pool-3-thread-1] INFO  com.rs.mv.mvvs.client.catalog.from.scan.CurrentPathScanner - [client:400205]scan file in current open file directory(C:/Users/manus/OneDrive/Escritorio/ESP-32/TP01/lib/MENU)
2025-09-12 08:33:19.897 [pool-3-thread-1] INFO  com.rs.mv.mvvs.client.catalog.from.scan.CurrentPathScanner - [client:400205]scan file in current open file directory(C:/Users/manus/OneDrive/Escritorio/ESP-32/TP01/src)
2025-09-12 08:33:22.688 [pool-3-thread-1] INFO  com.rs.mv.mvvs.client.catalog.from.scan.CurrentPathScanner - [client:400205]scan file in current open file directory(C:/Users/manus/OneDrive/Escritorio/ESP-32/TP01/lib/MENU)
2025-09-12 08:33:41.027 [pool-3-thread-1] INFO  com.rs.mv.mvvs.client.catalog.from.scan.CurrentPathScanner - [client:400205]scan file in current open file directory(C:/Users/manus/OneDrive/Escritorio/ESP-32/TP01/src)
2025-09-12 08:33:43.454 [pool-3-thread-1] INFO  com.rs.mv.mvvs.client.catalog.from.scan.CurrentPathScanner - [client:400205]scan file in current open file directory(C:/Users/manus/OneDrive/Escritorio/ESP-32/TP01/lib/MENU)
2025-09-12 08:33:44.865 [pool-3-thread-1] INFO  com.rs.mv.mvvs.client.catalog.from.scan.CurrentPathScanner - [client:400205]scan file in current open file directory(C:/Users/manus/OneDrive/Escritorio/ESP-32/TP01/src)
2025-09-12 08:33:45.771 [pool-3-thread-1] INFO  com.rs.mv.mvvs.client.catalog.from.scan.CurrentPathScanner - [client:400205]scan file in current open file directory(C:/Users/manus/OneDrive/Escritorio/ESP-32/TP01/lib/MENU)
2025-09-12 08:34:24.763 [pool-3-thread-1] INFO  com.rs.mv.mvvs.client.catalog.from.scan.CurrentPathScanner - [client:400205]scan file in current open file directory(C:/Users/manus/OneDrive/Escritorio/ESP-32/TP01/lib/DEVICE)
2025-09-12 08:34:34.681 [pool-3-thread-1] INFO  com.rs.mv.mvvs.client.catalog.from.scan.CurrentPathScanner - [client:400205]scan file in current open file directory(C:/Users/manus/OneDrive/Escritorio/ESP-32/TP01/lib/MENU)
2025-09-12 08:34:36.334 [pool-3-thread-1] INFO  com.rs.mv.mvvs.client.catalog.from.scan.CurrentPathScanner - [client:400205]scan file in current open file directory(C:/Users/manus/OneDrive/Escritorio/ESP-32/TP01/src)
2025-09-12 08:34:37.851 [pool-3-thread-1] INFO  com.rs.mv.mvvs.client.catalog.from.scan.CurrentPathScanner - [client:400205]scan file in current open file directory(C:/Users/manus/OneDrive/Escritorio/ESP-32/TP01/lib/DEVICE)
2025-09-12 08:34:45.240 [pool-3-thread-1] INFO  com.rs.mv.mvvs.client.catalog.from.scan.CurrentPathScanner - [client:400205]scan file in current open file directory(C:/Users/manus/OneDrive/Escritorio/ESP-32/TP01/lib/MENU)
2025-09-12 08:34:46.494 [pool-3-thread-1] INFO  com.rs.mv.mvvs.client.catalog.from.scan.CurrentPathScanner - [client:400205]scan file in current open file directory(C:/Users/manus/OneDrive/Escritorio/ESP-32/TP01/lib/DEVICE)
2025-09-12 08:34:47.664 [pool-3-thread-1] INFO  com.rs.mv.mvvs.client.catalog.from.scan.CurrentPathScanner - [client:400205]scan file in current open file directory(C:/Users/manus/OneDrive/Escritorio/ESP-32/TP01/lib/MENU)
2025-09-12 08:34:51.362 [pool-3-thread-1] INFO  com.rs.mv.mvvs.client.catalog.from.scan.CurrentPathScanner - [client:400205]scan file in current open file directory(C:/Users/manus/OneDrive/Escritorio/ESP-32/TP01/lib/DEVICE)
2025-09-12 08:34:52.110 [pool-3-thread-1] INFO  com.rs.mv.mvvs.client.catalog.from.scan.CurrentPathScanner - [client:400205]scan file in current open file directory(C:/Users/manus/OneDrive/Escritorio/ESP-32/TP01/lib/MENU)
2025-09-12 08:34:58.821 [pool-3-thread-1] INFO  com.rs.mv.mvvs.client.catalog.from.scan.CurrentPathScanner - [client:400205]scan file in current open file directory(C:/Users/manus/OneDrive/Escritorio/ESP-32/TP01/lib/DEVICE)
2025-09-12 08:34:59.585 [pool-3-thread-1] INFO  com.rs.mv.mvvs.client.catalog.from.scan.CurrentPathScanner - [client:400205]scan file in current open file directory(C:/Users/manus/OneDrive/Escritorio/ESP-32/TP01/lib/MENU)
2025-09-12 08:35:06.463 [pool-3-thread-1] INFO  com.rs.mv.mvvs.client.catalog.from.scan.CurrentPathScanner - [client:400205]scan file in current open file directory(C:/Users/manus/OneDrive/Escritorio/ESP-32/TP01/lib/DEVICE)
2025-09-12 08:35:08.542 [pool-3-thread-1] INFO  com.rs.mv.mvvs.client.catalog.from.scan.CurrentPathScanner - [client:400205]scan file in current open file directory(C:/Users/manus/OneDrive/Escritorio/ESP-32/TP01/lib/MENU)
2025-09-12 08:35:10.749 [pool-3-thread-1] INFO  com.rs.mv.mvvs.client.catalog.from.scan.CurrentPathScanner - [client:400205]scan file in current open file directory(C:/Users/manus/OneDrive/Escritorio/ESP-32/TP01/lib/DEVICE)
2025-09-12 08:35:11.498 [pool-3-thread-1] INFO  com.rs.mv.mvvs.client.catalog.from.scan.CurrentPathScanner - [client:400205]scan file in current open file directory(C:/Users/manus/OneDrive/Escritorio/ESP-32/TP01/lib/MENU)
2025-09-12 08:35:14.784 [pool-3-thread-1] INFO  com.rs.mv.mvvs.client.catalog.from.scan.CurrentPathScanner - [client:400205]scan file in current open file directory(C:/Users/manus/OneDrive/Escritorio/ESP-32/TP01/lib/DEVICE)
2025-09-12 08:35:23.309 [pool-3-thread-1] INFO  com.rs.mv.mvvs.client.catalog.from.scan.CurrentPathScanner - [client:400205]scan file in current open file directory(C:/Users/manus/OneDrive/Escritorio/ESP-32/TP01/lib/MENU)
2025-09-12 08:35:24.899 [pool-3-thread-1] INFO  com.rs.mv.mvvs.client.catalog.from.scan.CurrentPathScanner - [client:400205]scan file in current open file directory(C:/Users/manus/OneDrive/Escritorio/ESP-32/TP01/lib/MENU)
2025-09-12 08:35:31.586 [pool-3-thread-1] INFO  com.rs.mv.mvvs.client.catalog.from.scan.CurrentPathScanner - [client:400205]scan file in current open file directory(C:/Users/manus/OneDrive/Escritorio/ESP-32/TP01/lib/DEVICE)
2025-09-12 08:35:33.729 [pool-3-thread-1] INFO  com.rs.mv.mvvs.client.catalog.from.scan.CurrentPathScanner - [client:400205]scan file in current open file directory(C:/Users/manus/OneDrive/Escritorio/ESP-32/TP01/lib/MENU)
2025-09-12 08:35:35.047 [pool-3-thread-1] INFO  com.rs.mv.mvvs.client.catalog.from.scan.CurrentPathScanner - [client:400205]scan file in current open file directory(C:/Users/manus/OneDrive/Escritorio/ESP-32/TP01/lib/DEVICE)
2025-09-12 08:35:38.661 [pool-3-thread-1] INFO  com.rs.mv.mvvs.client.catalog.from.scan.CurrentPathScanner - [client:400205]scan file in current open file directory(C:/Users/manus/OneDrive/Escritorio/ESP-32/TP01/lib/MENU)
2025-09-12 08:35:46.471 [pool-3-thread-1] INFO  com.rs.mv.mvvs.client.catalog.from.scan.CurrentPathScanner - [client:400205]scan file in current open file directory(C:/Users/manus/OneDrive/Escritorio/ESP-32/TP01/lib/MENU)
2025-09-12 08:35:47.195 [pool-3-thread-1] INFO  com.rs.mv.mvvs.client.catalog.from.scan.CurrentPathScanner - [client:400205]scan file in current open file directory(C:/Users/manus/OneDrive/Escritorio/ESP-32/TP01/lib/DEVICE)
2025-09-12 08:35:48.132 [pool-3-thread-1] INFO  com.rs.mv.mvvs.client.catalog.from.scan.CurrentPathScanner - [client:400205]scan file in current open file directory(C:/Users/manus/OneDrive/Escritorio/ESP-32/TP01/lib/MENU)
2025-09-12 08:35:52.481 [pool-3-thread-1] INFO  com.rs.mv.mvvs.client.catalog.from.scan.CurrentPathScanner - [client:400205]scan file in current open file directory(C:/Users/manus/OneDrive/Escritorio/ESP-32/TP01/lib/DEVICE)
2025-09-12 08:35:54.986 [pool-3-thread-1] INFO  com.rs.mv.mvvs.client.catalog.from.scan.CurrentPathScanner - [client:400205]scan file in current open file directory(C:/Users/manus/OneDrive/Escritorio/ESP-32/TP01/lib/MENU)
2025-09-12 08:36:02.477 [pool-3-thread-1] INFO  com.rs.mv.mvvs.client.catalog.from.scan.CurrentPathScanner - [client:400205]scan file in current open file directory(C:/Users/manus/OneDrive/Escritorio/ESP-32/TP01/lib/DEVICE)
2025-09-12 08:36:03.660 [pool-3-thread-1] INFO  com.rs.mv.mvvs.client.catalog.from.scan.CurrentPathScanner - [client:400205]scan file in current open file directory(C:/Users/manus/OneDrive/Escritorio/ESP-32/TP01/lib/MENU)
2025-09-12 08:36:04.168 [pool-3-thread-1] INFO  com.rs.mv.mvvs.client.catalog.from.scan.CurrentPathScanner - [client:400205]scan file in current open file directory(C:/Users/manus/OneDrive/Escritorio/ESP-32/TP01/lib/MENU)
2025-09-12 08:36:07.760 [pool-3-thread-1] INFO  com.rs.mv.mvvs.client.catalog.from.scan.CurrentPathScanner - [client:400205]scan file in current open file directory(C:/Users/manus/OneDrive/Escritorio/ESP-32/TP01/lib/DEVICE)
2025-09-12 08:36:08.882 [pool-3-thread-1] INFO  com.rs.mv.mvvs.client.catalog.from.scan.CurrentPathScanner - [client:400205]scan file in current open file directory(C:/Users/manus/OneDrive/Escritorio/ESP-32/TP01/lib/MENU)
2025-09-12 08:36:26.018 [pool-3-thread-1] INFO  com.rs.mv.mvvs.client.catalog.from.scan.CurrentPathScanner - [client:400205]scan file in current open file directory(C:/Users/manus/OneDrive/Escritorio/ESP-32/TP01/lib/MENU)
2025-09-12 08:36:38.590 [pool-3-thread-1] INFO  com.rs.mv.mvvs.client.catalog.from.scan.CurrentPathScanner - [client:400205]scan file in current open file directory(C:/Users/manus/OneDrive/Escritorio/ESP-32/TP01/lib/MENU)
2025-09-12 08:36:53.518 [pool-3-thread-1] INFO  com.rs.mv.mvvs.client.catalog.from.scan.CurrentPathScanner - [client:400205]scan file in current open file directory(C:/Users/manus/OneDrive/Escritorio/ESP-32/TP01/lib/MENU)
2025-09-12 08:36:54.215 [pool-3-thread-1] INFO  com.rs.mv.mvvs.client.catalog.from.scan.CurrentPathScanner - [client:400205]scan file in current open file directory(C:/Users/manus/OneDrive/Escritorio/ESP-32/TP01/lib/DEVICE)
2025-09-12 08:36:55.753 [pool-3-thread-1] INFO  com.rs.mv.mvvs.client.catalog.from.scan.CurrentPathScanner - [client:400205]scan file in current open file directory(C:/Users/manus/OneDrive/Escritorio/ESP-32/TP01/lib/MENU)
2025-09-12 08:39:17.526 [pool-3-thread-1] INFO  com.rs.mv.mvvs.client.catalog.from.scan.CurrentPathScanner - [client:400205]scan file in current open file directory(C:/Users/manus/OneDrive/Escritorio/ESP-32/TP01/lib/DEVICE)
2025-09-12 08:39:18.677 [pool-3-thread-1] INFO  com.rs.mv.mvvs.client.catalog.from.scan.CurrentPathScanner - [client:400205]scan file in current open file directory(C:/Users/manus/OneDrive/Escritorio/ESP-32/TP01/lib/MENU)
2025-09-12 08:39:29.767 [pool-3-thread-1] INFO  com.rs.mv.mvvs.client.catalog.from.scan.CurrentPathScanner - [client:400205]scan file in current open file directory(C:/Users/manus/OneDrive/Escritorio/ESP-32/TP01/lib/MENU)
2025-09-12 08:39:35.985 [pool-3-thread-1] INFO  com.rs.mv.mvvs.client.catalog.from.scan.CurrentPathScanner - [client:400205]scan file in current open file directory(C:/Users/manus/OneDrive/Escritorio/ESP-32/TP01/lib/MENU)
2025-09-12 08:40:02.373 [pool-3-thread-1] INFO  com.rs.mv.mvvs.client.catalog.from.scan.CurrentPathScanner - [client:400205]scan file in current open file directory(C:/Users/manus/OneDrive/Escritorio/ESP-32/TP01/lib/DEVICE)
2025-09-12 08:40:07.684 [pool-3-thread-1] INFO  com.rs.mv.mvvs.client.catalog.from.scan.CurrentPathScanner - [client:400205]scan file in current open file directory(C:/Users/manus/OneDrive/Escritorio/ESP-32/TP01/lib/MENU)
2025-09-12 08:40:16.390 [pool-3-thread-1] INFO  com.rs.mv.mvvs.client.catalog.from.scan.CurrentPathScanner - [client:400205]scan file in current open file directory(C:/Users/manus/OneDrive/Escritorio/ESP-32/TP01/lib/DEVICE)
2025-09-12 08:40:18.176 [pool-3-thread-1] INFO  com.rs.mv.mvvs.client.catalog.from.scan.CurrentPathScanner - [client:400205]scan file in current open file directory(C:/Users/manus/OneDrive/Escritorio/ESP-32/TP01/lib/MENU)
2025-09-12 08:40:18.891 [pool-3-thread-1] INFO  com.rs.mv.mvvs.client.catalog.from.scan.CurrentPathScanner - [client:400205]scan file in current open file directory(C:/Users/manus/OneDrive/Escritorio/ESP-32/TP01/lib/MENU)
2025-09-12 08:40:20.474 [pool-3-thread-1] INFO  com.rs.mv.mvvs.client.catalog.from.scan.CurrentPathScanner - [client:400205]scan file in current open file directory(C:/Users/manus/OneDrive/Escritorio/ESP-32/TP01/lib/MENU)
2025-09-12 08:40:27.053 [pool-3-thread-1] INFO  com.rs.mv.mvvs.client.catalog.from.scan.CurrentPathScanner - [client:400205]scan file in current open file directory(C:/Users/manus/OneDrive/Escritorio/ESP-32/TP01/lib/DEVICE)
2025-09-12 08:40:28.816 [pool-3-thread-1] INFO  com.rs.mv.mvvs.client.catalog.from.scan.CurrentPathScanner - [client:400205]scan file in current open file directory(C:/Users/manus/OneDrive/Escritorio/ESP-32/TP01/lib/MENU)
2025-09-12 08:40:29.298 [pool-3-thread-1] INFO  com.rs.mv.mvvs.client.catalog.from.scan.CurrentPathScanner - [client:400205]scan file in current open file directory(C:/Users/manus/OneDrive/Escritorio/ESP-32/TP01/lib/MENU)
2025-09-12 08:40:31.397 [pool-3-thread-1] INFO  com.rs.mv.mvvs.client.catalog.from.scan.CurrentPathScanner - [client:400205]scan file in current open file directory(C:/Users/manus/OneDrive/Escritorio/ESP-32/TP01/lib/MENU)
2025-09-12 08:40:37.488 [pool-3-thread-1] INFO  com.rs.mv.mvvs.client.catalog.from.scan.CurrentPathScanner - [client:400205]scan file in current open file directory(C:/Users/manus/OneDrive/Escritorio/ESP-32/TP01/src)
2025-09-12 08:40:46.883 [pool-3-thread-1] INFO  com.rs.mv.mvvs.client.catalog.from.scan.CurrentPathScanner - [client:400205]scan file in current open file directory(C:/Users/manus/OneDrive/Escritorio/ESP-32/TP01/lib/DEVICE)
2025-09-12 08:40:48.244 [pool-3-thread-1] INFO  com.rs.mv.mvvs.client.catalog.from.scan.CurrentPathScanner - [client:400205]scan file in current open file directory(C:/Users/manus/OneDrive/Escritorio/ESP-32/TP01/lib/MENU)
2025-09-12 08:41:26.034 [pool-3-thread-1] INFO  com.rs.mv.mvvs.client.catalog.from.scan.CurrentPathScanner - [client:400205]scan file in current open file directory(C:/Users/manus/OneDrive/Escritorio/ESP-32/TP01/src)
2025-09-12 08:41:32.076 [pool-3-thread-1] INFO  com.rs.mv.mvvs.client.catalog.from.scan.CurrentPathScanner - [client:400205]scan file in current open file directory(C:/Users/manus/OneDrive/Escritorio/ESP-32/TP01/lib/DEVICE)
2025-09-12 08:41:34.210 [pool-3-thread-1] INFO  com.rs.mv.mvvs.client.catalog.from.scan.CurrentPathScanner - [client:400205]scan file in current open file directory(C:/Users/manus/OneDrive/Escritorio/ESP-32/TP01/lib/MENU)
2025-09-12 08:41:58.378 [pool-3-thread-1] INFO  com.rs.mv.mvvs.client.catalog.from.scan.CurrentPathScanner - [client:400205]scan file in current open file directory(C:/Users/manus/OneDrive/Escritorio/ESP-32/TP01/lib/DEVICE)
2025-09-12 08:42:00.475 [pool-3-thread-1] INFO  com.rs.mv.mvvs.client.catalog.from.scan.CurrentPathScanner - [client:400205]scan file in current open file directory(C:/Users/manus/OneDrive/Escritorio/ESP-32/TP01/lib/MENU)
2025-09-12 08:42:02.913 [pool-3-thread-1] INFO  com.rs.mv.mvvs.client.catalog.from.scan.CurrentPathScanner - [client:400205]scan file in current open file directory(C:/Users/manus/OneDrive/Escritorio/ESP-32/TP01/lib/DEVICE)
2025-09-12 08:42:05.829 [pool-3-thread-1] INFO  com.rs.mv.mvvs.client.catalog.from.scan.CurrentPathScanner - [client:400205]scan file in current open file directory(C:/Users/manus/OneDrive/Escritorio/ESP-32/TP01/lib/MENU)
2025-09-12 08:42:25.360 [pool-3-thread-1] INFO  com.rs.mv.mvvs.client.catalog.from.scan.CurrentPathScanner - [client:400205]scan file in current open file directory(C:/Users/manus/OneDrive/Escritorio/ESP-32/TP01/lib/DEVICE)
2025-09-12 08:42:26.502 [pool-3-thread-1] INFO  com.rs.mv.mvvs.client.catalog.from.scan.CurrentPathScanner - [client:400205]scan file in current open file directory(C:/Users/manus/OneDrive/Escritorio/ESP-32/TP01/lib/MENU)
2025-09-12 08:42:39.417 [pool-3-thread-1] INFO  com.rs.mv.mvvs.client.catalog.from.scan.CurrentPathScanner - [client:400205]scan file in current open file directory(C:/Users/manus/OneDrive/Escritorio/ESP-32/TP01/src)
2025-09-12 08:42:52.599 [pool-3-thread-1] INFO  com.rs.mv.mvvs.client.catalog.from.scan.CurrentPathScanner - [client:400205]scan file in current open file directory(C:/Users/manus/OneDrive/Escritorio/ESP-32/TP01/lib/DEVICE)
2025-09-12 08:42:53.623 [pool-3-thread-1] INFO  com.rs.mv.mvvs.client.catalog.from.scan.CurrentPathScanner - [client:400205]scan file in current open file directory(C:/Users/manus/OneDrive/Escritorio/ESP-32/TP01/lib/MENU)
2025-09-12 08:46:11.732 [pool-3-thread-1] INFO  com.rs.mv.mvvs.client.catalog.from.scan.CurrentPathScanner - [client:400205]scan file in current open file directory(C:/Users/manus/OneDrive/Escritorio/ESP-32/TP01/lib/DEVICE)
2025-09-12 08:46:13.113 [pool-3-thread-1] INFO  com.rs.mv.mvvs.client.catalog.from.scan.CurrentPathScanner - [client:400205]scan file in current open file directory(C:/Users/manus/OneDrive/Escritorio/ESP-32/TP01/src)
2025-09-12 08:46:22.316 [pool-3-thread-1] INFO  com.rs.mv.mvvs.client.catalog.from.scan.CurrentPathScanner - [client:400205]scan file in current open file directory(C:/Users/manus/OneDrive/Escritorio/ESP-32/TP01/lib/DEVICE)
2025-09-12 08:46:24.999 [pool-3-thread-1] INFO  com.rs.mv.mvvs.client.catalog.from.scan.CurrentPathScanner - [client:400205]scan file in current open file directory(C:/Users/manus/OneDrive/Escritorio/ESP-32/TP01/src)
2025-09-12 08:46:25.811 [pool-3-thread-1] INFO  com.rs.mv.mvvs.client.catalog.from.scan.CurrentPathScanner - [client:400205]scan file in current open file directory(C:/Users/manus/OneDrive/Escritorio/ESP-32/TP01/lib/MENU)
2025-09-12 08:46:27.820 [pool-3-thread-1] INFO  com.rs.mv.mvvs.client.catalog.from.scan.CurrentPathScanner - [client:400205]scan file in current open file directory(C:/Users/manus/OneDrive/Escritorio/ESP-32/TP01/lib/MENU)
2025-09-12 08:46:29.935 [pool-3-thread-1] INFO  com.rs.mv.mvvs.client.catalog.from.scan.CurrentPathScanner - [client:400205]scan file in current open file directory(C:/Users/manus/OneDrive/Escritorio/ESP-32/TP01/lib/MENU)
2025-09-12 08:48:42.171 [pool-3-thread-1] INFO  com.rs.mv.mvvs.client.catalog.from.scan.CurrentPathScanner - [client:400205]scan file in current open file directory(C:/Users/manus/OneDrive/Escritorio/ESP-32/TP01/lib/MENU)
2025-09-12 08:48:42.520 [pool-3-thread-1] INFO  com.rs.mv.mvvs.client.catalog.from.scan.CurrentPathScanner - [client:400205]scan file in current open file directory(C:/Users/manus/OneDrive/Escritorio/ESP-32/TP01/src)
2025-09-12 08:52:46.339 [pool-3-thread-1] INFO  com.rs.mv.mvvs.client.catalog.from.scan.CurrentPathScanner - [client:400205]scan file in current open file directory(C:/Users/manus/OneDrive/Escritorio/ESP-32/TP01/lib/MENU)
2025-09-12 08:52:49.371 [pool-3-thread-1] INFO  com.rs.mv.mvvs.client.catalog.from.scan.CurrentPathScanner - [client:400205]scan file in current open file directory(C:/Users/manus/OneDrive/Escritorio/ESP-32/TP01/src)
2025-09-12 08:56:11.889 [pool-3-thread-1] INFO  com.rs.mv.mvvs.client.catalog.from.scan.CurrentPathScanner - [client:400205]scan file in current open file directory(C:/Users/manus/OneDrive/Escritorio/ESP-32/TP01/lib/MENU)
2025-09-12 08:56:17.098 [pool-3-thread-1] INFO  com.rs.mv.mvvs.client.catalog.from.scan.CurrentPathScanner - [client:400205]scan file in current open file directory(C:/Users/manus/OneDrive/Escritorio/ESP-32/TP01/src)
2025-09-12 08:56:20.759 [pool-3-thread-1] INFO  com.rs.mv.mvvs.client.catalog.from.scan.CurrentPathScanner - [client:400205]scan file in current open file directory(C:/Users/manus/OneDrive/Escritorio/ESP-32/TP01/lib/MENU)
2025-09-12 08:56:25.848 [pool-3-thread-1] INFO  com.rs.mv.mvvs.client.catalog.from.scan.CurrentPathScanner - [client:400205]scan file in current open file directory(C:/Users/manus/OneDrive/Escritorio/ESP-32/TP01/src)
2025-09-12 09:02:48.571 [pool-3-thread-1] INFO  com.rs.mv.mvvs.client.catalog.from.scan.CurrentPathScanner - [client:400205]scan file in current open file directory(C:/Users/manus/OneDrive/Escritorio/ESP-32/TP01/lib/MENU)
2025-09-12 09:02:58.354 [pool-3-thread-1] INFO  com.rs.mv.mvvs.client.catalog.from.scan.CurrentPathScanner - [client:400205]scan file in current open file directory(C:/Users/manus/OneDrive/Escritorio/ESP-32/TP01/src)
2025-09-12 09:03:00.722 [pool-3-thread-1] INFO  com.rs.mv.mvvs.client.catalog.from.scan.CurrentPathScanner - [client:400205]scan file in current open file directory(C:/Users/manus/OneDrive/Escritorio/ESP-32/TP01/lib/MENU)
2025-09-12 09:03:42.307 [pool-3-thread-1] INFO  com.rs.mv.mvvs.client.catalog.from.scan.CurrentPathScanner - [client:400205]scan file in current open file directory(C:/Users/manus/OneDrive/Escritorio/ESP-32/TP01/src)
2025-09-12 09:09:19.735 [pool-3-thread-1] INFO  com.rs.mv.mvvs.client.catalog.from.scan.CurrentPathScanner - [client:400205]scan file in current open file directory(C:/Users/manus/OneDrive/Escritorio/ESP-32/TP01/lib/MENU)
2025-09-12 09:09:46.413 [pool-3-thread-1] INFO  com.rs.mv.mvvs.client.catalog.from.scan.CurrentPathScanner - [client:400205]scan file in current open file directory(C:/Users/manus/OneDrive/Escritorio/ESP-32/TP01/lib/MENU)
2025-09-12 09:11:29.028 [pool-3-thread-1] INFO  com.rs.mv.mvvs.client.catalog.from.scan.CurrentPathScanner - [client:400205]scan file in current open file directory(C:/Users/manus/OneDrive/Escritorio/ESP-32/TP01/src)
2025-09-12 09:15:50.125 [pool-3-thread-1] INFO  com.rs.mv.mvvs.client.catalog.from.scan.CurrentPathScanner - [client:400205]scan file in current open file directory(C:/Users/manus/OneDrive/Escritorio/ESP-32/TP01/src)
2025-09-12 09:16:14.046 [pool-3-thread-1] INFO  com.rs.mv.mvvs.client.catalog.from.scan.CurrentPathScanner - [client:400205]scan file in current open file directory(C:/Users/manus/OneDrive/Escritorio/ESP-32/TP01/lib/MENU)
2025-09-12 09:16:53.951 [pool-3-thread-1] INFO  com.rs.mv.mvvs.client.catalog.from.scan.CurrentPathScanner - [client:400205]scan file in current open file directory(C:/Users/manus/OneDrive/Escritorio/ESP-32/TP01/lib/MENU)
2025-09-12 09:17:05.077 [pool-3-thread-1] INFO  com.rs.mv.mvvs.client.catalog.from.scan.CurrentPathScanner - [client:400205]scan file in current open file directory(C:/Users/manus/OneDrive/Escritorio/ESP-32/TP01/lib/MENU)
2025-09-12 09:17:06.502 [pool-3-thread-1] INFO  com.rs.mv.mvvs.client.catalog.from.scan.CurrentPathScanner - [client:400205]scan file in current open file directory(C:/Users/manus/OneDrive/Escritorio/ESP-32/TP01/src)
2025-09-12 09:17:10.107 [pool-3-thread-1] INFO  com.rs.mv.mvvs.client.catalog.from.scan.CurrentPathScanner - [client:400205]scan file in current open file directory(C:/Users/manus/OneDrive/Escritorio/ESP-32/TP01/lib/MENU)
2025-09-12 09:17:13.506 [pool-3-thread-1] INFO  com.rs.mv.mvvs.client.catalog.from.scan.CurrentPathScanner - [client:400205]scan file in current open file directory(C:/Users/manus/OneDrive/Escritorio/ESP-32/TP01/src)
2025-09-12 09:19:17.437 [pool-3-thread-1] INFO  com.rs.mv.mvvs.client.catalog.from.scan.CurrentPathScanner - [client:400205]scan file in current open file directory(C:/Users/manus/OneDrive/Escritorio/ESP-32/TP01/lib/MENU)
2025-09-12 09:19:55.884 [pool-3-thread-1] INFO  com.rs.mv.mvvs.client.catalog.from.scan.CurrentPathScanner - [client:400205]scan file in current open file directory(C:/Users/manus/OneDrive/Escritorio/ESP-32/TP01/lib/MENU)
2025-09-12 09:24:01.435 [pool-3-thread-1] INFO  com.rs.mv.mvvs.client.catalog.from.scan.CurrentPathScanner - [client:400205]scan file in current open file directory(C:/Users/manus/OneDrive/Escritorio/ESP-32/TP01/src)
2025-09-12 09:24:04.015 [pool-3-thread-1] INFO  com.rs.mv.mvvs.client.catalog.from.scan.CurrentPathScanner - [client:400205]scan file in current open file directory(C:/Users/manus/OneDrive/Escritorio/ESP-32/TP01/lib/MENU)
2025-09-12 09:24:05.622 [pool-3-thread-1] INFO  com.rs.mv.mvvs.client.catalog.from.scan.CurrentPathScanner - [client:400205]scan file in current open file directory(C:/Users/manus/OneDrive/Escritorio/ESP-32/TP01/lib/MENU)
2025-09-12 09:28:15.579 [pool-3-thread-1] INFO  com.rs.mv.mvvs.client.catalog.from.scan.CurrentPathScanner - [client:400205]scan file in current open file directory(C:/Users/manus/OneDrive/Escritorio/ESP-32/TP01/src)
2025-09-12 09:28:22.937 [pool-3-thread-1] INFO  com.rs.mv.mvvs.client.catalog.from.scan.CurrentPathScanner - [client:400205]scan file in current open file directory(C:/Users/manus/OneDrive/Escritorio/ESP-32/TP01/lib/MENU)
2025-09-12 09:28:40.818 [pool-3-thread-1] INFO  com.rs.mv.mvvs.client.catalog.from.scan.CurrentPathScanner - [client:400205]scan file in current open file directory(C:/Users/manus/OneDrive/Escritorio/ESP-32/TP01/src)
2025-09-12 09:29:55.433 [pool-3-thread-1] INFO  com.rs.mv.mvvs.client.catalog.from.scan.CurrentPathScanner - [client:400205]scan file in current open file directory(C:/Users/manus/OneDrive/Escritorio/ESP-32/TP01/src)
2025-09-12 09:30:02.940 [pool-3-thread-1] INFO  com.rs.mv.mvvs.client.catalog.from.scan.CurrentPathScanner - [client:400205]scan file in current open file directory(C:/Users/manus/OneDrive/Escritorio/ESP-32/TP01/src)
2025-09-12 09:31:07.855 [pool-3-thread-1] INFO  com.rs.mv.mvvs.client.catalog.from.scan.CurrentPathScanner - [client:400205]scan file in current open file directory(C:/Users/manus/OneDrive/Escritorio/ESP-32/TP01/src)
2025-09-12 09:31:13.349 [pool-3-thread-1] INFO  com.rs.mv.mvvs.client.catalog.from.scan.CurrentPathScanner - [client:400205]scan file in current open file directory(C:/Users/manus/OneDrive/Escritorio/ESP-32/TP01/src)
2025-09-12 09:31:14.337 [pool-3-thread-1] INFO  com.rs.mv.mvvs.client.catalog.from.scan.CurrentPathScanner - [client:400205]scan file in current open file directory(C:/Users/manus/OneDrive/Escritorio/ESP-32/TP01/lib/MENU)
2025-09-12 09:31:18.209 [pool-3-thread-1] INFO  com.rs.mv.mvvs.client.catalog.from.scan.CurrentPathScanner - [client:400205]scan file in current open file directory(C:/Users/manus/OneDrive/Escritorio/ESP-32/TP01/src)
2025-09-12 09:31:28.690 [pool-3-thread-1] INFO  com.rs.mv.mvvs.client.catalog.from.scan.CurrentPathScanner - [client:400205]scan file in current open file directory(C:/Users/manus/OneDrive/Escritorio/ESP-32/TP01/src)
2025-09-12 09:33:37.608 [pool-3-thread-1] INFO  com.rs.mv.mvvs.client.catalog.from.scan.CurrentPathScanner - [client:400205]scan file in current open file directory(C:/Users/manus/OneDrive/Escritorio/ESP-32/TP01/src)
2025-09-12 09:36:00.133 [pool-3-thread-1] INFO  com.rs.mv.mvvs.client.catalog.from.scan.CurrentPathScanner - [client:400205]scan file in current open file directory(C:/Users/manus/OneDrive/Escritorio/ESP-32/TP01/src)
2025-09-12 09:38:27.733 [pool-3-thread-1] INFO  com.rs.mv.mvvs.client.catalog.from.scan.CurrentPathScanner - [client:400205]scan file in current open file directory(C:/Users/manus/OneDrive/Escritorio/ESP-32/TP01/src)
2025-09-12 09:39:22.140 [pool-3-thread-1] INFO  com.rs.mv.mvvs.client.catalog.from.scan.CurrentPathScanner - [client:400205]scan file in current open file directory(C:/Users/manus/OneDrive/Escritorio/ESP-32/TP01/lib/MENU)
2025-09-12 09:39:27.153 [pool-3-thread-1] INFO  com.rs.mv.mvvs.client.catalog.from.scan.CurrentPathScanner - [client:400205]scan file in current open file directory(C:/Users/manus/OneDrive/Escritorio/ESP-32/TP01/src)
2025-09-12 09:40:15.970 [pool-3-thread-1] INFO  com.rs.mv.mvvs.client.catalog.from.scan.CurrentPathScanner - [client:400205]scan file in current open file directory(C:/Users/manus/OneDrive/Escritorio/ESP-32/TP01/lib/MENU)
2025-09-12 09:40:52.039 [pool-3-thread-1] INFO  com.rs.mv.mvvs.client.catalog.from.scan.CurrentPathScanner - [client:400205]scan file in current open file directory(C:/Users/manus/OneDrive/Escritorio/ESP-32/TP01/src)
2025-09-12 09:43:29.024 [pool-3-thread-1] INFO  com.rs.mv.mvvs.client.catalog.from.scan.CurrentPathScanner - [client:400205]scan file in current open file directory(C:/Users/manus/OneDrive/Escritorio/ESP-32/TP01/src)
2025-09-12 09:58:33.904 [main] INFO  com.rs.mv.mvvs.Startup - [LSP:100101]ROCKET MV BASIC EXTENSION to start
2025-09-12 09:58:33.963 [main] INFO  com.rs.mv.mvvs.lsp.server.BasicLanguageServerLauncher - [LSP:100102]start pip server
2025-09-12 09:58:34.171 [main] INFO  com.rs.mv.mvvs.lsp.server.BasicLanguageServerLauncher - [LSP:100103]ROCKET MV BASIC EXTENSION start successful
2025-09-12 09:58:34.259 [pool-3-thread-1] INFO  com.rs.mv.mvvs.instance.workspace.WorkspaceManager - [workspace:200101]load all workspace folders start
2025-09-12 09:58:34.260 [pool-3-thread-1] INFO  com.rs.mv.mvvs.instance.workspace.WorkspaceManager - [workspace:20010201]root uri: file:///c%3A/Users/manus/OneDrive/Escritorio/ESP-32/TP01
2025-09-12 09:58:34.263 [pool-3-thread-1] INFO  com.rs.mv.mvvs.instance.workspace.handler.FolderHandler - [workspace:200103]workspace contains workspace folder: file:///c%3A/Users/manus/OneDrive/Escritorio/ESP-32/TP01
2025-09-12 09:58:34.295 [pool-3-thread-1] INFO  com.rs.mv.mvvs.instance.workspace.handler.FolderHandler - [workspace:200104]workspace folder will be cached: file:///c%3A/Users/manus/OneDrive/Escritorio/ESP-32/TP01
2025-09-12 09:58:34.298 [pool-3-thread-1] INFO  com.rs.mv.mvvs.rmv.config.Config - [framework:30010101]config load start
2025-09-12 09:58:34.298 [pool-3-thread-1] INFO  com.rs.mv.mvvs.rmv.config.Config - [framework:30010102]project config path is : C:/Users/manus/OneDrive/Escritorio/ESP-32/TP01/.rmv/config
2025-09-12 09:58:34.299 [pool-3-thread-1] INFO  com.rs.mv.mvvs.rmv.config.Config - [framework:30010103]resource config path is : /
2025-09-12 09:58:34.300 [pool-3-thread-1] INFO  com.rs.mv.mvvs.rmv.config.Config - [framework:30010104]user config path is : C:/Users/manus
2025-09-12 09:58:34.319 [pool-3-thread-1] INFO  com.rs.mv.mvvs.rmv.config.Config - [framework:30010105]config load end
2025-09-12 09:58:34.325 [pool-3-thread-1] INFO  com.rs.mv.mvvs.rmv.documentation.BasicDocumentation - [framework:30020101]documentation load start
2025-09-12 09:58:34.328 [pool-3-thread-1] INFO  com.rs.mv.mvvs.rmv.documentation.reader.SystemDocReader - [framework:30020102]system documentation path: /documentation/UNIVERSE/
2025-09-12 09:58:34.332 [pool-3-thread-1] INFO  com.rs.mv.mvvs.rmv.documentation.reader.ProjectDocReader - [framework:30020103]project documentation brief file: C:\Users\manus\OneDrive\Escritorio\ESP-32\TP01\.rmv\documentation\UNIVERSE\custom.json
2025-09-12 09:58:34.334 [pool-3-thread-1] INFO  com.rs.mv.mvvs.rmv.documentation.reader.UserDocReader - [framework:30020104]user documentation brief file: C:\Users\manus\documentation\UNIVERSE\custom.json
2025-09-12 09:58:34.541 [pool-3-thread-1] INFO  com.rs.mv.mvvs.rmv.documentation.BasicDocumentation - [framework:30020105]documentation load end
2025-09-12 09:58:34.556 [pool-3-thread-1] INFO  com.rs.mv.mvvs.common.convertor.ConvertorManager - [framework:30030101]convertors for folder(C:/Users/manus/OneDrive/Escritorio/ESP-32/TP01) load start
2025-09-12 09:58:34.570 [pool-3-thread-1] INFO  com.rs.mv.mvvs.common.convertor.ConvertorManager - [framework:30030102]comment convertor load finish
2025-09-12 09:58:34.830 [pool-3-thread-1] INFO  com.rs.mv.mvvs.common.convertor.ConvertorManager - [framework:30030103]keyword convertor load finish
2025-09-12 09:58:34.842 [pool-3-thread-1] INFO  com.rs.mv.mvvs.common.convertor.ConvertorManager - [framework:30030104]operator convertor load finish
2025-09-12 09:58:34.845 [pool-3-thread-1] INFO  com.rs.mv.mvvs.common.convertor.ConvertorManager - [framework:30030105]function name convertor load finish
2025-09-12 09:58:34.846 [pool-3-thread-1] INFO  com.rs.mv.mvvs.common.convertor.ConvertorManager - [framework:30030106]atVariable convertor load finish
2025-09-12 09:58:34.846 [pool-3-thread-1] INFO  com.rs.mv.mvvs.common.convertor.ConvertorManager - [framework:30030107]convertors for folder(C:/Users/manus/OneDrive/Escritorio/ESP-32/TP01) load end
2025-09-12 09:58:34.851 [pool-3-thread-1] INFO  com.rs.mv.mvvs.rmv.config.CapabilityConfig - [framework:30010301]capabilities file(C:/Users/manus/OneDrive/Escritorio/ESP-32/TP01/config/capability) doesn't exist or read error, default config will take effect
2025-09-12 09:58:34.853 [pool-3-thread-1] INFO  com.rs.mv.mvvs.instance.workspace.WorkspaceManager - [workspace:200105]load all workspace folders successful
2025-09-12 09:58:34.859 [pool-3-thread-1] INFO  com.rs.mv.mvvs.client.account.AccountManager - [client:40010101]load account manager start
2025-09-12 09:58:34.880 [pool-3-thread-1] INFO  com.rs.mv.mvvs.client.account.handler.CacheAccountHandler - [client:40010102]load cache account: 
2025-09-12 09:58:34.890 [pool-3-thread-1] INFO  com.rs.mv.mvvs.client.account.handler.ExternalAccountHandler - [client:40010103]load external account: 
2025-09-12 09:58:35.013 [pool-3-thread-1] INFO  com.rs.mv.mvvs.client.catalog.manager.U2CatalogManager - [client:400203]cache file auto update thread launch in TP01 account
2025-09-12 09:58:35.026 [pool-3-thread-1] INFO  com.rs.mv.mvvs.client.catalog.from.config.DirsConfigReader - [client:400206]parse dir config information
2025-09-12 09:58:35.031 [pool-3-thread-1] INFO  com.rs.mv.mvvs.client.catalog.from.config.MappingConfigReader - [client:400207]parse mapping config information
2025-09-12 09:58:35.035 [pool-3-thread-1] INFO  com.rs.mv.mvvs.client.catalog.manager.U2CatalogManager - [client:400202]start a schedule task to get global/local catalog for TP01, its period 5s 
2025-09-12 09:58:35.037 [pool-3-thread-1] INFO  com.rs.mv.mvvs.client.catalog.manager.U2CatalogManager - [client:400203]cache file auto update thread launch in .pio account
2025-09-12 09:58:35.039 [pool-3-thread-1] INFO  com.rs.mv.mvvs.client.catalog.from.config.DirsConfigReader - [client:400206]parse dir config information
2025-09-12 09:58:35.040 [pool-3-thread-1] INFO  com.rs.mv.mvvs.client.catalog.from.config.MappingConfigReader - [client:400207]parse mapping config information
2025-09-12 09:58:35.042 [pool-3-thread-1] INFO  com.rs.mv.mvvs.client.catalog.manager.U2CatalogManager - [client:400202]start a schedule task to get global/local catalog for .pio, its period 5s 
2025-09-12 09:58:35.043 [pool-3-thread-1] INFO  com.rs.mv.mvvs.client.catalog.manager.U2CatalogManager - [client:400203]cache file auto update thread launch in build account
2025-09-12 09:58:35.044 [pool-3-thread-1] INFO  com.rs.mv.mvvs.client.catalog.from.config.DirsConfigReader - [client:400206]parse dir config information
2025-09-12 09:58:35.045 [pool-3-thread-1] INFO  com.rs.mv.mvvs.client.catalog.from.config.MappingConfigReader - [client:400207]parse mapping config information
2025-09-12 09:58:35.045 [pool-3-thread-1] INFO  com.rs.mv.mvvs.client.catalog.manager.U2CatalogManager - [client:400202]start a schedule task to get global/local catalog for build, its period 5s 
2025-09-12 09:58:35.047 [pool-3-thread-1] INFO  com.rs.mv.mvvs.client.catalog.manager.U2CatalogManager - [client:400203]cache file auto update thread launch in esp32dev account
2025-09-12 09:58:35.048 [pool-3-thread-1] INFO  com.rs.mv.mvvs.client.catalog.from.config.DirsConfigReader - [client:400206]parse dir config information
2025-09-12 09:58:35.049 [pool-3-thread-1] INFO  com.rs.mv.mvvs.client.catalog.from.config.MappingConfigReader - [client:400207]parse mapping config information
2025-09-12 09:58:35.053 [pool-3-thread-1] INFO  com.rs.mv.mvvs.client.catalog.manager.U2CatalogManager - [client:400202]start a schedule task to get global/local catalog for esp32dev, its period 5s 
2025-09-12 09:58:35.055 [pool-3-thread-1] INFO  com.rs.mv.mvvs.client.catalog.manager.U2CatalogManager - [client:400203]cache file auto update thread launch in FrameworkArduino account
2025-09-12 09:58:35.058 [pool-3-thread-1] INFO  com.rs.mv.mvvs.client.catalog.from.config.DirsConfigReader - [client:400206]parse dir config information
2025-09-12 09:58:35.060 [pool-3-thread-1] INFO  com.rs.mv.mvvs.client.catalog.from.config.MappingConfigReader - [client:400207]parse mapping config information
2025-09-12 09:58:35.061 [pool-3-thread-1] INFO  com.rs.mv.mvvs.client.catalog.manager.U2CatalogManager - [client:400202]start a schedule task to get global/local catalog for FrameworkArduino, its period 5s 
2025-09-12 09:58:35.061 [pool-3-thread-1] INFO  com.rs.mv.mvvs.client.catalog.manager.U2CatalogManager - [client:400203]cache file auto update thread launch in lib328 account
2025-09-12 09:58:35.062 [pool-3-thread-1] INFO  com.rs.mv.mvvs.client.catalog.from.config.DirsConfigReader - [client:400206]parse dir config information
2025-09-12 09:58:35.062 [pool-3-thread-1] INFO  com.rs.mv.mvvs.client.catalog.from.config.MappingConfigReader - [client:400207]parse mapping config information
2025-09-12 09:58:35.064 [pool-3-thread-1] INFO  com.rs.mv.mvvs.client.catalog.manager.U2CatalogManager - [client:400202]start a schedule task to get global/local catalog for lib328, its period 5s 
2025-09-12 09:58:35.065 [pool-3-thread-1] INFO  com.rs.mv.mvvs.client.catalog.manager.U2CatalogManager - [client:400203]cache file auto update thread launch in lib49e account
2025-09-12 09:58:35.066 [pool-3-thread-1] INFO  com.rs.mv.mvvs.client.catalog.from.config.DirsConfigReader - [client:400206]parse dir config information
2025-09-12 09:58:35.071 [pool-3-thread-1] INFO  com.rs.mv.mvvs.client.catalog.from.config.MappingConfigReader - [client:400207]parse mapping config information
2025-09-12 09:58:35.072 [pool-3-thread-1] INFO  com.rs.mv.mvvs.client.catalog.manager.U2CatalogManager - [client:400202]start a schedule task to get global/local catalog for lib49e, its period 5s 
2025-09-12 09:58:35.074 [pool-3-thread-1] INFO  com.rs.mv.mvvs.client.catalog.manager.U2CatalogManager - [client:400203]cache file auto update thread launch in lib58e account
2025-09-12 09:58:35.074 [pool-3-thread-1] INFO  com.rs.mv.mvvs.client.catalog.from.config.DirsConfigReader - [client:400206]parse dir config information
2025-09-12 09:58:35.075 [pool-3-thread-1] INFO  com.rs.mv.mvvs.client.catalog.from.config.MappingConfigReader - [client:400207]parse mapping config information
2025-09-12 09:58:35.076 [pool-3-thread-1] INFO  com.rs.mv.mvvs.client.catalog.manager.U2CatalogManager - [client:400202]start a schedule task to get global/local catalog for lib58e, its period 5s 
2025-09-12 09:58:35.077 [pool-3-thread-1] INFO  com.rs.mv.mvvs.client.catalog.manager.U2CatalogManager - [client:400203]cache file auto update thread launch in lib66e account
2025-09-12 09:58:35.077 [pool-3-thread-1] INFO  com.rs.mv.mvvs.client.catalog.from.config.DirsConfigReader - [client:400206]parse dir config information
2025-09-12 09:58:35.078 [pool-3-thread-1] INFO  com.rs.mv.mvvs.client.catalog.from.config.MappingConfigReader - [client:400207]parse mapping config information
2025-09-12 09:58:35.079 [pool-3-thread-1] INFO  com.rs.mv.mvvs.client.catalog.manager.U2CatalogManager - [client:400202]start a schedule task to get global/local catalog for lib66e, its period 5s 
2025-09-12 09:58:35.079 [pool-3-thread-1] INFO  com.rs.mv.mvvs.client.catalog.manager.U2CatalogManager - [client:400203]cache file auto update thread launch in lib847 account
2025-09-12 09:58:35.080 [pool-3-thread-1] INFO  com.rs.mv.mvvs.client.catalog.from.config.DirsConfigReader - [client:400206]parse dir config information
2025-09-12 09:58:35.080 [pool-3-thread-1] INFO  com.rs.mv.mvvs.client.catalog.from.config.MappingConfigReader - [client:400207]parse mapping config information
2025-09-12 09:58:35.081 [pool-3-thread-1] INFO  com.rs.mv.mvvs.client.catalog.manager.U2CatalogManager - [client:400202]start a schedule task to get global/local catalog for lib847, its period 5s 
2025-09-12 09:58:35.082 [pool-3-thread-1] INFO  com.rs.mv.mvvs.client.catalog.manager.U2CatalogManager - [client:400203]cache file auto update thread launch in lib965 account
2025-09-12 09:58:35.083 [pool-3-thread-1] INFO  com.rs.mv.mvvs.client.catalog.from.config.DirsConfigReader - [client:400206]parse dir config information
2025-09-12 09:58:35.083 [pool-3-thread-1] INFO  com.rs.mv.mvvs.client.catalog.from.config.MappingConfigReader - [client:400207]parse mapping config information
2025-09-12 09:58:35.086 [pool-3-thread-1] INFO  com.rs.mv.mvvs.client.catalog.manager.U2CatalogManager - [client:400202]start a schedule task to get global/local catalog for lib965, its period 5s 
2025-09-12 09:58:35.088 [pool-3-thread-1] INFO  com.rs.mv.mvvs.client.catalog.manager.U2CatalogManager - [client:400203]cache file auto update thread launch in libaee account
2025-09-12 09:58:35.089 [pool-3-thread-1] INFO  com.rs.mv.mvvs.client.catalog.from.config.DirsConfigReader - [client:400206]parse dir config information
2025-09-12 09:58:35.089 [pool-3-thread-1] INFO  com.rs.mv.mvvs.client.catalog.from.config.MappingConfigReader - [client:400207]parse mapping config information
2025-09-12 09:58:35.090 [pool-3-thread-1] INFO  com.rs.mv.mvvs.client.catalog.manager.U2CatalogManager - [client:400202]start a schedule task to get global/local catalog for libaee, its period 5s 
2025-09-12 09:58:35.091 [pool-3-thread-1] INFO  com.rs.mv.mvvs.client.catalog.manager.U2CatalogManager - [client:400203]cache file auto update thread launch in libb5c account
2025-09-12 09:58:35.091 [pool-3-thread-1] INFO  com.rs.mv.mvvs.client.catalog.from.config.DirsConfigReader - [client:400206]parse dir config information
2025-09-12 09:58:35.092 [pool-3-thread-1] INFO  com.rs.mv.mvvs.client.catalog.from.config.MappingConfigReader - [client:400207]parse mapping config information
2025-09-12 09:58:35.092 [pool-3-thread-1] INFO  com.rs.mv.mvvs.client.catalog.manager.U2CatalogManager - [client:400202]start a schedule task to get global/local catalog for libb5c, its period 5s 
2025-09-12 09:58:35.093 [pool-3-thread-1] INFO  com.rs.mv.mvvs.client.catalog.manager.U2CatalogManager - [client:400203]cache file auto update thread launch in libc87 account
2025-09-12 09:58:35.093 [pool-3-thread-1] INFO  com.rs.mv.mvvs.client.catalog.from.config.DirsConfigReader - [client:400206]parse dir config information
2025-09-12 09:58:35.094 [pool-3-thread-1] INFO  com.rs.mv.mvvs.client.catalog.from.config.MappingConfigReader - [client:400207]parse mapping config information
2025-09-12 09:58:35.094 [pool-3-thread-1] INFO  com.rs.mv.mvvs.client.catalog.manager.U2CatalogManager - [client:400202]start a schedule task to get global/local catalog for libc87, its period 5s 
2025-09-12 09:58:35.095 [pool-3-thread-1] INFO  com.rs.mv.mvvs.client.catalog.manager.U2CatalogManager - [client:400203]cache file auto update thread launch in libdeps account
2025-09-12 09:58:35.095 [pool-3-thread-1] INFO  com.rs.mv.mvvs.client.catalog.from.config.DirsConfigReader - [client:400206]parse dir config information
2025-09-12 09:58:35.095 [pool-3-thread-1] INFO  com.rs.mv.mvvs.client.catalog.from.config.MappingConfigReader - [client:400207]parse mapping config information
2025-09-12 09:58:35.096 [pool-3-thread-1] INFO  com.rs.mv.mvvs.client.catalog.manager.U2CatalogManager - [client:400202]start a schedule task to get global/local catalog for libdeps, its period 5s 
2025-09-12 09:58:35.097 [pool-3-thread-1] INFO  com.rs.mv.mvvs.client.catalog.manager.U2CatalogManager - [client:400203]cache file auto update thread launch in esp32dev account
2025-09-12 09:58:35.097 [pool-3-thread-1] INFO  com.rs.mv.mvvs.client.catalog.from.config.DirsConfigReader - [client:400206]parse dir config information
2025-09-12 09:58:35.097 [pool-3-thread-1] INFO  com.rs.mv.mvvs.client.catalog.from.config.MappingConfigReader - [client:400207]parse mapping config information
2025-09-12 09:58:35.098 [pool-3-thread-1] INFO  com.rs.mv.mvvs.client.catalog.manager.U2CatalogManager - [client:400202]start a schedule task to get global/local catalog for esp32dev, its period 5s 
2025-09-12 09:58:35.099 [pool-3-thread-1] INFO  com.rs.mv.mvvs.client.catalog.manager.U2CatalogManager - [client:400203]cache file auto update thread launch in Adafruit BusIO account
2025-09-12 09:58:35.100 [pool-3-thread-1] INFO  com.rs.mv.mvvs.client.catalog.from.config.DirsConfigReader - [client:400206]parse dir config information
2025-09-12 09:58:35.101 [pool-3-thread-1] INFO  com.rs.mv.mvvs.client.catalog.from.config.MappingConfigReader - [client:400207]parse mapping config information
2025-09-12 09:58:35.104 [pool-3-thread-1] INFO  com.rs.mv.mvvs.client.catalog.manager.U2CatalogManager - [client:400202]start a schedule task to get global/local catalog for Adafruit BusIO, its period 5s 
2025-09-12 09:58:35.105 [pool-3-thread-1] INFO  com.rs.mv.mvvs.client.catalog.manager.U2CatalogManager - [client:400203]cache file auto update thread launch in .github account
2025-09-12 09:58:35.106 [pool-3-thread-1] INFO  com.rs.mv.mvvs.client.catalog.from.config.DirsConfigReader - [client:400206]parse dir config information
2025-09-12 09:58:35.106 [pool-3-thread-1] INFO  com.rs.mv.mvvs.client.catalog.from.config.MappingConfigReader - [client:400207]parse mapping config information
2025-09-12 09:58:35.107 [pool-3-thread-1] INFO  com.rs.mv.mvvs.client.catalog.manager.U2CatalogManager - [client:400202]start a schedule task to get global/local catalog for .github, its period 5s 
2025-09-12 09:58:35.108 [pool-3-thread-1] INFO  com.rs.mv.mvvs.client.catalog.manager.U2CatalogManager - [client:400203]cache file auto update thread launch in examples account
2025-09-12 09:58:35.108 [pool-3-thread-1] INFO  com.rs.mv.mvvs.client.catalog.from.config.DirsConfigReader - [client:400206]parse dir config information
2025-09-12 09:58:35.109 [pool-3-thread-1] INFO  com.rs.mv.mvvs.client.catalog.from.config.MappingConfigReader - [client:400207]parse mapping config information
2025-09-12 09:58:35.109 [pool-3-thread-1] INFO  com.rs.mv.mvvs.client.catalog.manager.U2CatalogManager - [client:400202]start a schedule task to get global/local catalog for examples, its period 5s 
2025-09-12 09:58:35.110 [pool-3-thread-1] INFO  com.rs.mv.mvvs.client.catalog.manager.U2CatalogManager - [client:400203]cache file auto update thread launch in Adafruit GFX Library account
2025-09-12 09:58:35.110 [pool-3-thread-1] INFO  com.rs.mv.mvvs.client.catalog.from.config.DirsConfigReader - [client:400206]parse dir config information
2025-09-12 09:58:35.111 [pool-3-thread-1] INFO  com.rs.mv.mvvs.client.catalog.from.config.MappingConfigReader - [client:400207]parse mapping config information
2025-09-12 09:58:35.111 [pool-3-thread-1] INFO  com.rs.mv.mvvs.client.catalog.manager.U2CatalogManager - [client:400202]start a schedule task to get global/local catalog for Adafruit GFX Library, its period 5s 
2025-09-12 09:58:35.112 [pool-3-thread-1] INFO  com.rs.mv.mvvs.client.catalog.manager.U2CatalogManager - [client:400203]cache file auto update thread launch in .github account
2025-09-12 09:58:35.112 [pool-3-thread-1] INFO  com.rs.mv.mvvs.client.catalog.from.config.DirsConfigReader - [client:400206]parse dir config information
2025-09-12 09:58:35.113 [pool-3-thread-1] INFO  com.rs.mv.mvvs.client.catalog.from.config.MappingConfigReader - [client:400207]parse mapping config information
2025-09-12 09:58:35.113 [pool-3-thread-1] INFO  com.rs.mv.mvvs.client.catalog.manager.U2CatalogManager - [client:400202]start a schedule task to get global/local catalog for .github, its period 5s 
2025-09-12 09:58:35.114 [pool-3-thread-1] INFO  com.rs.mv.mvvs.client.catalog.manager.U2CatalogManager - [client:400203]cache file auto update thread launch in examples account
2025-09-12 09:58:35.114 [pool-3-thread-1] INFO  com.rs.mv.mvvs.client.catalog.from.config.DirsConfigReader - [client:400206]parse dir config information
2025-09-12 09:58:35.116 [pool-3-thread-1] INFO  com.rs.mv.mvvs.client.catalog.from.config.MappingConfigReader - [client:400207]parse mapping config information
2025-09-12 09:58:35.118 [pool-3-thread-1] INFO  com.rs.mv.mvvs.client.catalog.manager.U2CatalogManager - [client:400202]start a schedule task to get global/local catalog for examples, its period 5s 
2025-09-12 09:58:35.121 [pool-3-thread-1] INFO  com.rs.mv.mvvs.client.catalog.manager.U2CatalogManager - [client:400203]cache file auto update thread launch in Adafruit SH110X account
2025-09-12 09:58:35.121 [pool-3-thread-1] INFO  com.rs.mv.mvvs.client.catalog.from.config.DirsConfigReader - [client:400206]parse dir config information
2025-09-12 09:58:35.122 [pool-3-thread-1] INFO  com.rs.mv.mvvs.client.catalog.from.config.MappingConfigReader - [client:400207]parse mapping config information
2025-09-12 09:58:35.123 [pool-3-thread-1] INFO  com.rs.mv.mvvs.client.catalog.manager.U2CatalogManager - [client:400202]start a schedule task to get global/local catalog for Adafruit SH110X, its period 5s 
2025-09-12 09:58:35.124 [pool-3-thread-1] INFO  com.rs.mv.mvvs.client.catalog.manager.U2CatalogManager - [client:400203]cache file auto update thread launch in .github account
2025-09-12 09:58:35.124 [pool-3-thread-1] INFO  com.rs.mv.mvvs.client.catalog.from.config.DirsConfigReader - [client:400206]parse dir config information
2025-09-12 09:58:35.125 [pool-3-thread-1] INFO  com.rs.mv.mvvs.client.catalog.from.config.MappingConfigReader - [client:400207]parse mapping config information
2025-09-12 09:58:35.126 [pool-3-thread-1] INFO  com.rs.mv.mvvs.client.catalog.manager.U2CatalogManager - [client:400202]start a schedule task to get global/local catalog for .github, its period 5s 
2025-09-12 09:58:35.127 [pool-3-thread-1] INFO  com.rs.mv.mvvs.client.catalog.manager.U2CatalogManager - [client:400203]cache file auto update thread launch in examples account
2025-09-12 09:58:35.127 [pool-3-thread-1] INFO  com.rs.mv.mvvs.client.catalog.from.config.DirsConfigReader - [client:400206]parse dir config information
2025-09-12 09:58:35.128 [pool-3-thread-1] INFO  com.rs.mv.mvvs.client.catalog.from.config.MappingConfigReader - [client:400207]parse mapping config information
2025-09-12 09:58:35.128 [pool-3-thread-1] INFO  com.rs.mv.mvvs.client.catalog.manager.U2CatalogManager - [client:400202]start a schedule task to get global/local catalog for examples, its period 5s 
2025-09-12 09:58:35.129 [pool-3-thread-1] INFO  com.rs.mv.mvvs.client.catalog.manager.U2CatalogManager - [client:400203]cache file auto update thread launch in OLED_QTPY_SH1106 account
2025-09-12 09:58:35.129 [pool-3-thread-1] INFO  com.rs.mv.mvvs.client.catalog.from.config.DirsConfigReader - [client:400206]parse dir config information
2025-09-12 09:58:35.130 [pool-3-thread-1] INFO  com.rs.mv.mvvs.client.catalog.from.config.MappingConfigReader - [client:400207]parse mapping config information
2025-09-12 09:58:35.130 [pool-3-thread-1] INFO  com.rs.mv.mvvs.client.catalog.manager.U2CatalogManager - [client:400202]start a schedule task to get global/local catalog for OLED_QTPY_SH1106, its period 5s 
2025-09-12 09:58:35.131 [pool-3-thread-1] INFO  com.rs.mv.mvvs.client.catalog.manager.U2CatalogManager - [client:400203]cache file auto update thread launch in Adafruit Unified Sensor account
2025-09-12 09:58:35.131 [pool-3-thread-1] INFO  com.rs.mv.mvvs.client.catalog.from.config.DirsConfigReader - [client:400206]parse dir config information
2025-09-12 09:58:35.131 [pool-3-thread-1] INFO  com.rs.mv.mvvs.client.catalog.from.config.MappingConfigReader - [client:400207]parse mapping config information
2025-09-12 09:58:35.132 [pool-3-thread-1] INFO  com.rs.mv.mvvs.client.catalog.manager.U2CatalogManager - [client:400202]start a schedule task to get global/local catalog for Adafruit Unified Sensor, its period 5s 
2025-09-12 09:58:35.134 [pool-3-thread-1] INFO  com.rs.mv.mvvs.client.catalog.manager.U2CatalogManager - [client:400203]cache file auto update thread launch in examples account
2025-09-12 09:58:35.136 [pool-3-thread-1] INFO  com.rs.mv.mvvs.client.catalog.from.config.DirsConfigReader - [client:400206]parse dir config information
2025-09-12 09:58:35.138 [pool-3-thread-1] INFO  com.rs.mv.mvvs.client.catalog.from.config.MappingConfigReader - [client:400207]parse mapping config information
2025-09-12 09:58:35.140 [pool-3-thread-1] INFO  com.rs.mv.mvvs.client.catalog.manager.U2CatalogManager - [client:400202]start a schedule task to get global/local catalog for examples, its period 5s 
2025-09-12 09:58:35.141 [pool-3-thread-1] INFO  com.rs.mv.mvvs.client.catalog.manager.U2CatalogManager - [client:400203]cache file auto update thread launch in DHT sensor library account
2025-09-12 09:58:35.142 [pool-3-thread-1] INFO  com.rs.mv.mvvs.client.catalog.from.config.DirsConfigReader - [client:400206]parse dir config information
2025-09-12 09:58:35.142 [pool-3-thread-1] INFO  com.rs.mv.mvvs.client.catalog.from.config.MappingConfigReader - [client:400207]parse mapping config information
2025-09-12 09:58:35.143 [pool-3-thread-1] INFO  com.rs.mv.mvvs.client.catalog.manager.U2CatalogManager - [client:400202]start a schedule task to get global/local catalog for DHT sensor library, its period 5s 
2025-09-12 09:58:35.144 [pool-3-thread-1] INFO  com.rs.mv.mvvs.client.catalog.manager.U2CatalogManager - [client:400203]cache file auto update thread launch in .github account
2025-09-12 09:58:35.144 [pool-3-thread-1] INFO  com.rs.mv.mvvs.client.catalog.from.config.DirsConfigReader - [client:400206]parse dir config information
2025-09-12 09:58:35.144 [pool-3-thread-1] INFO  com.rs.mv.mvvs.client.catalog.from.config.MappingConfigReader - [client:400207]parse mapping config information
2025-09-12 09:58:35.145 [pool-3-thread-1] INFO  com.rs.mv.mvvs.client.catalog.manager.U2CatalogManager - [client:400202]start a schedule task to get global/local catalog for .github, its period 5s 
2025-09-12 09:58:35.146 [pool-3-thread-1] INFO  com.rs.mv.mvvs.client.catalog.manager.U2CatalogManager - [client:400203]cache file auto update thread launch in examples account
2025-09-12 09:58:35.146 [pool-3-thread-1] INFO  com.rs.mv.mvvs.client.catalog.from.config.DirsConfigReader - [client:400206]parse dir config information
2025-09-12 09:58:35.146 [pool-3-thread-1] INFO  com.rs.mv.mvvs.client.catalog.from.config.MappingConfigReader - [client:400207]parse mapping config information
2025-09-12 09:58:35.147 [pool-3-thread-1] INFO  com.rs.mv.mvvs.client.catalog.manager.U2CatalogManager - [client:400202]start a schedule task to get global/local catalog for examples, its period 5s 
2025-09-12 09:58:35.147 [pool-3-thread-1] INFO  com.rs.mv.mvvs.client.catalog.manager.U2CatalogManager - [client:400203]cache file auto update thread launch in lib account
2025-09-12 09:58:35.148 [pool-3-thread-1] INFO  com.rs.mv.mvvs.client.catalog.from.config.DirsConfigReader - [client:400206]parse dir config information
2025-09-12 09:58:35.148 [pool-3-thread-1] INFO  com.rs.mv.mvvs.client.catalog.from.config.MappingConfigReader - [client:400207]parse mapping config information
2025-09-12 09:58:35.149 [pool-3-thread-1] INFO  com.rs.mv.mvvs.client.catalog.manager.U2CatalogManager - [client:400202]start a schedule task to get global/local catalog for lib, its period 5s 
2025-09-12 09:58:35.151 [pool-3-thread-1] INFO  com.rs.mv.mvvs.rmv.documentation.BasicDocumentation - [framework:30020101]documentation load start
2025-09-12 09:58:35.152 [pool-3-thread-1] INFO  com.rs.mv.mvvs.rmv.documentation.reader.SystemDocReader - [framework:30020102]system documentation path: /documentation/UNIVERSE/
2025-09-12 09:58:35.153 [pool-3-thread-1] INFO  com.rs.mv.mvvs.rmv.documentation.reader.ProjectDocReader - [framework:30020103]project documentation brief file: custom.json
2025-09-12 09:58:35.154 [pool-3-thread-1] INFO  com.rs.mv.mvvs.rmv.documentation.reader.UserDocReader - [framework:30020104]user documentation brief file: C:\Users\manus\documentation\UNIVERSE\custom.json
2025-09-12 09:58:35.167 [pool-3-thread-1] INFO  com.rs.mv.mvvs.rmv.documentation.BasicDocumentation - [framework:30020105]documentation load end
2025-09-12 09:58:35.173 [pool-3-thread-1] INFO  com.rs.mv.mvvs.common.convertor.ConvertorManager - [framework:30030101]convertors for folder(*) load start
2025-09-12 09:58:35.173 [pool-3-thread-1] INFO  com.rs.mv.mvvs.common.convertor.ConvertorManager - [framework:30030102]comment convertor load finish
2025-09-12 09:58:35.178 [pool-3-thread-1] INFO  com.rs.mv.mvvs.common.convertor.ConvertorManager - [framework:30030103]keyword convertor load finish
2025-09-12 09:58:35.181 [pool-3-thread-1] INFO  com.rs.mv.mvvs.common.convertor.ConvertorManager - [framework:30030104]operator convertor load finish
2025-09-12 09:58:35.182 [pool-3-thread-1] INFO  com.rs.mv.mvvs.common.convertor.ConvertorManager - [framework:30030105]function name convertor load finish
2025-09-12 09:58:35.182 [pool-3-thread-1] INFO  com.rs.mv.mvvs.common.convertor.ConvertorManager - [framework:30030106]atVariable convertor load finish
2025-09-12 09:58:35.183 [pool-3-thread-1] INFO  com.rs.mv.mvvs.common.convertor.ConvertorManager - [framework:30030107]convertors for folder(*) load end
2025-09-12 09:58:35.183 [pool-3-thread-1] INFO  com.rs.mv.mvvs.client.catalog.manager.U2CatalogManager - [client:400203]cache file auto update thread launch in ... account
2025-09-12 09:58:35.184 [pool-3-thread-1] INFO  com.rs.mv.mvvs.client.catalog.from.config.DirsConfigReader - [client:400206]parse dir config information
2025-09-12 09:58:35.185 [pool-3-thread-1] INFO  com.rs.mv.mvvs.client.catalog.from.config.MappingConfigReader - [client:400207]parse mapping config information
2025-09-12 09:58:35.187 [pool-3-thread-1] INFO  com.rs.mv.mvvs.client.catalog.manager.U2CatalogManager - [client:400202]start a schedule task to get global/local catalog for ..., its period 5s 
2025-09-12 09:58:35.192 [pool-3-thread-1] INFO  com.rs.mv.mvvs.client.account.handler.ServerAccountHandler - [client:40010104]load server account: Account{name=libdeps, path=C:/Users/manus/OneDrive/Escritorio/ESP-32/TP01/.pio/libdeps, type=PREDICT}
Account{name=.github, path=C:/Users/manus/OneDrive/Escritorio/ESP-32/TP01/.pio/libdeps/esp32dev/Adafruit SH110X/.github, type=PREDICT}
Account{name=lib847, path=C:/Users/manus/OneDrive/Escritorio/ESP-32/TP01/.pio/build/esp32dev/lib847, type=PREDICT}
Account{name=Adafruit Unified Sensor, path=C:/Users/manus/OneDrive/Escritorio/ESP-32/TP01/.pio/libdeps/esp32dev/Adafruit Unified Sensor, type=PREDICT}
Account{name=examples, path=C:/Users/manus/OneDrive/Escritorio/ESP-32/TP01/.pio/libdeps/esp32dev/Adafruit Unified Sensor/examples, type=PREDICT}
Account{name=lib328, path=C:/Users/manus/OneDrive/Escritorio/ESP-32/TP01/.pio/build/esp32dev/lib328, type=PREDICT}
Account{name=lib965, path=C:/Users/manus/OneDrive/Escritorio/ESP-32/TP01/.pio/build/esp32dev/lib965, type=PREDICT}
Account{name=libb5c, path=C:/Users/manus/OneDrive/Escritorio/ESP-32/TP01/.pio/build/esp32dev/libb5c, type=PREDICT}
Account{name=.github, path=C:/Users/manus/OneDrive/Escritorio/ESP-32/TP01/.pio/libdeps/esp32dev/Adafruit GFX Library/.github, type=PREDICT}
Account{name=lib58e, path=C:/Users/manus/OneDrive/Escritorio/ESP-32/TP01/.pio/build/esp32dev/lib58e, type=PREDICT}
Account{name=Adafruit GFX Library, path=C:/Users/manus/OneDrive/Escritorio/ESP-32/TP01/.pio/libdeps/esp32dev/Adafruit GFX Library, type=PREDICT}
Account{name=FrameworkArduino, path=C:/Users/manus/OneDrive/Escritorio/ESP-32/TP01/.pio/build/esp32dev/FrameworkArduino, type=PREDICT}
Account{name=OLED_QTPY_SH1106, path=C:/Users/manus/OneDrive/Escritorio/ESP-32/TP01/.pio/libdeps/esp32dev/Adafruit SH110X/examples/OLED_QTPY_SH1106, type=PREDICT}
Account{name=.github, path=C:/Users/manus/OneDrive/Escritorio/ESP-32/TP01/.pio/libdeps/esp32dev/DHT sensor library/.github, type=PREDICT}
Account{name=lib, path=C:/Users/manus/OneDrive/Escritorio/ESP-32/TP01/lib, type=PREDICT}
Account{name=examples, path=C:/Users/manus/OneDrive/Escritorio/ESP-32/TP01/.pio/libdeps/esp32dev/Adafruit BusIO/examples, type=PREDICT}
Account{name=examples, path=C:/Users/manus/OneDrive/Escritorio/ESP-32/TP01/.pio/libdeps/esp32dev/DHT sensor library/examples, type=PREDICT}
Account{name=lib66e, path=C:/Users/manus/OneDrive/Escritorio/ESP-32/TP01/.pio/build/esp32dev/lib66e, type=PREDICT}
Account{name=libc87, path=C:/Users/manus/OneDrive/Escritorio/ESP-32/TP01/.pio/build/esp32dev/libc87, type=PREDICT}
Account{name=examples, path=C:/Users/manus/OneDrive/Escritorio/ESP-32/TP01/.pio/libdeps/esp32dev/Adafruit GFX Library/examples, type=PREDICT}
Account{name=..., path=..., type=PREDICT}
2025-09-12 09:58:35.193 [pool-3-thread-1] INFO  com.rs.mv.mvvs.client.account.AccountManager - [client:40010105]load account manager finish
2025-09-12 09:58:35.194 [pool-3-thread-1] INFO  com.rs.mv.mvvs.instance.userspace.UserspaceManager - [framework:30010402]config file(C:\Users\manus/.rmv/config) watcher launch successful
